6217
4184
5719
2277
717
3429
5555
4675
1673
62
3419
2761
227
1467
1694
6556
1407
5261
3881
4773
2020
3624
6106
2664
3502
1910
557
2473
4844
1782
2862
5917
4473
1194
2364
2765
4609
795
4894
9850
5647
1475
1285
3255
2036
6112
4755
5046
966
2130
3590
5735
3199
3211
1867
6230
6084
317
6673
3314
653
4666
6306
4401
5181
7434
5907
4328
3201
8012
3459
1360
5866
1785
2939
1494
7233
6386
2842
3862
3047
6187
3747
3150
1512
2420
398
928
570
1529
495
5506
7979
130
4758
1715
1985
7190
5284
2347
2032
5741
1184
4749
4499
2995
974
3736
1598
1121
7781
3735
2343
3766
983
5017
7562
231
4177
5830
632
7619
3808
2476
6694
928
3577
746
6558
2613
1097
3510
8425
2832
3978
1002
1360
6444
3896
407
122
688
2326
6506
1668
1903
1881
1481
3147
7463
9913
1918
3423
3879
3334
2453
4015
3077
6083
2780
2439
2290
1303
5574
2390
400
414
1373
7825
1490
8641
1150
53
626
2355
8914
3932
986
4801
6790
4270
500
936
51
4089
6961
1563
6210
71
3056
3085
2206
2952
5233
146
6316
1428
7407
5050
6676
460
6096
7201
4214
7351
2360
707
1329
3002
1198
2381
2679
1618
5834
531
2436
2197
161
537
3212
3917
399
2338
411
6279
157
1111
1462
1244
4563
3749
8262
6896
1945
613
5005
2600
6517
3129
5133
5582
5498
1140
3431
3229
1464
482
4825
3751
533
1717
634
306
2782
4744
5046
3018
5359
4532
4840
944
249
4318
4857
3256
2223
7192
4528
3962
1335
3418
3951
2713
366
7872
82
1326
3641
3362
737
5560
6934
3095
639
46
624
5094
342
492
1037
3372
4949
4329
6685
1232
3985
4338
862
2096
2160
1748
7130
3026
5769
3337
3323
2418
7092
6868
2880
6353
5462
1373
807
4151
2861
1312
2769
3521
5192
4486
1755
3647
224
2332
6827
3395
9051
4842
7371
13
3355
3143
449
3347
3309
760
6401
5305
3139
494
4532
425
5872
5340
5835
4493
3541
415
4092
3828
4200
2251
346
7213
6564
1011
5621
4422
4657
198
3908
1438
537
6527
3048
8318
363
555
3015
2141
6526
8852
3704
1211
2280
1421
2857
210
3016
2240
943
1147
6798
109
5094
7574
3529
2385
1000
4630
5240
3999
8075
9147
5611
950
1557
5721
3713
5383
5417
2833
1673
2105
1470
4260
239
555
354
9337
873
1153
4838
2771
1366
7621
2718
4190
1953
46
2820
2382
2509
459
2274
7135
1282
2100
489
2262
5597
6929
3004
842
4552
2202
1986
2412
2047
6101
824
2920
1500
3152
8408
290
469
6502
4980
2496
466
1337
512
5238
6505
193
6758
810
2319
926
1618
4080
4991
2301
4021
263
521
6828
5398
6688
2680
115
1874
2250
5360
1068
942
1043
6694
6259
3124
1815
7062
3245
425
5728
1785
2708
5036
8864
6209
4023
5335
785
1869
792
7242
5476
526
3139
6523
1371
5250
5298
3053
1609
6284
5755
7499
2555
3419
2087
4397
4064
4084
3794
1972
6802
6970
486
2564
4877
397
4719
3183
