519
3
20
1
10
55
1
130
2
2
4
3
47
538
33
2
44
7
6
0
28
14
54
49
7
3
103
3
38
6
2
54
3
2
5
6
9
7
4
6
18
48
52
1
30
7
22
7
37
80
5
41
141
38
0
5
1
13
1
7
35
3
5
0
1
24
1
52
0
0
162
27
0
0
1325
16
1
3
17
7
53
1
7
2
218
17
172
53
406
0
3
6
27
1
54
6
14
49
0
2
4
23
2
0
59
27
2
220
19
2
4
39
7
39
7
62
2
350
172
181
5
5
40
261
163
1
7
13
42
3
2
7
74
32
3
13
28
2
5
3
4
41
1
1
51
33
6
3
266
23
25
2
16
92
149
0
31
0
58
90
17
6
31
46
7
1
33
5
94
3
5
6
6
1
6
4
6
11
4
3
5
20
113
0
4
1
54
44
6
6
85
1
322
4
9
25
32
16
55
4
3
3
8
11
24
686
4
60
4
7
283
1
71
7
0
2
4
4
14
2
3
70
219
157
5
7
7
21
4
0
33
19
22
471
292
50
1
2
6
5
3
139
6
35
6
224
25
275
10
6
5
1411
2
26
7
5
2
33
7
4
7
356
1195
1
6
45
135
0
56
29
2
6
19
31
6
27
21
163
16
6
44
3
4
133
272
0
0
1
11
2
47
27
8
4
4
2
42
47
1
4
5
0
30
6
240
2059
7
0
158
15
6
33
4
7
3
1
2
21
1
25
2
2
149
0
1
60
81
6
5
7
53
2
25
0
0
0
31
13
7
47
2
44
0
0
35
1
7
6
5
7
2
3
67
25
3
28
0
3
1
4
4
5
3
337
5
5
242
0
493
26
39
30
6
116
2
12
2
3
4
1
0
47
23
36
24
2
14
64
7
3
25
147
27
43
1
0
1
35
42
4
184
38
2
52
6
271
1
0
32
171
6
4
1
9
1
1
1
5
36
34
1
4
31
1
6
3
17
5
0
0
5
7
2
7
27
24
35
44
18
7
160
2
4
0
56
966
7
0
10
3
42
0
3
5
121
5
2
6
4
2
3
13
48
50
4
3
47
4
3
5
148
6
3
27
306
6
5
2
0
147
7
4
6
1
7
12
22
5
34
17
1
5
23
28
52
93
0
201
33
4
6
2
7
37
3
51
2
2
6
29
39
1
5
2
7
2
4
1
2
12
1
6
34
5
36
5
1
5
25
3
0
5
0
7
41
4
11
46
23
9
7
7
6
0
5
63
21
3
144
1
5
7
16
4
3
34
50
1
2
6
31
2
0
5
1
275
6
193
4
1
7
67
3
16
41
50
40
1
39
93
11
52
21
1430
7
16
2
1
43
3
14
428
1
12
134
7
17
39
8
5
2
17
6
32
3
39
3
3
0
47
2
1
33
121
21
1
0
0
1
13
2
42
35
96
5
50
14
29
4
1
38
6
3
0
381
15
832
2
51
40
60
0
0
1
42
42
0
4
32
0
29
1
1
51
39
27
30
7
83
4
4
3
0
7
6
0
5
3
0
48
2
18
743
2
3
2
48
3
0
61
6
4
6
2
45
1
60
0
18
80
7
172
0
686
4
354
1
1
2
2
1586
135
54
24
4
3
1
3
22
1
15
147
3
39
22
34
3
36
6
84
4
77
0
7
15
1
3
73
7
133
4
54
51
47
95
43
4
1
3
19
5
50
38
5
5
7
46
0
7
67
5
28
7
45
228
2
7
17
46
6
1
14
7
30
3
322
1
14
3
2
0
4
50
9
9
19
5
131
51
15
107
7
128
1
7
0
20
2
7
6
95
22
2
7
0
4
2
30
48
38
2
53
38
5
4
23
2
161
37
6
75
45
37
7
37
51
4
629
23
6
122
0
1
6
3
1
34
25
389
6
1
40
0
3
1
44
6
34
6
10
267
6
79
2
1
4
16
1
7
4
24
5
0
52
0
4
5
13
55
5
91
6
51
7
21
54
41
4
10
3
42
0
3
0
46
3
6
44
44
131
17
3
18
56
11
36
63
3
1
2
4
52
6
17
32
46
61
2
15
5
7
4
39
24
2
79
2
0
48
28
7
22
145
12
12
62
3
5
74
3
31
0
6
36
5
6
2
25
0
3232
0
0
93
0
57
28
16
56
17
43
2
40
2
1
272
0
94
1
43
65
3
40
3
17
39
6
1
2
3
5
21
42
1
5
48
3
6
16
7
5
16
5
675
0
39
128
273
133
7
2
3
33
5
28
3
46
3
2
0
17
76
16
11
34
5
2
42
78
8
0
3
11133
7
43
6
3
6
111
6
7
0
44
91
62
1
37
0
43
5
6
20
47
4
54
9
5
3
6
0
1
0
7
1
35
7
3
7
1
18
59
36
810
2
12
6
5
32
7
7
46
7
4
0
4
315
18
0
2
38
22
179
0
28
2
2
1
6
3
1027
6
6
73
134
41
6
9
3
99
7
6
2
61
10
6
0
0
2
7
11
6
2
11
116
7
3
273
3
303
100
146
70
2
79
115
6
2
58
2
10
7
1
178
106
18
10
254
2
27
35
563
1
3
68
123
23
7
65
2
0
41
53
4
6
6
82
1
4
69
41
105
4
4
0
10
39
100
25
6
5
4
16
20
6
51
4
3
5
3
21
3
43
7
115
2
704
7
23
7
4
1
5
1
30
1
5
1
1
5
3
48
17
3
3
8
48
3
5
211
3
5
5
329
2
7
2
1193
138
2
2
21
9
6
59
207
1
25
53
107
2
287
1
7
4
6
5
76
3
4
25
5
0
38
1
6
47
41
3
43
82
3
6
90
23
7
5
1
45
1
32
0
124
75
7
300
3
3
22
152
3
350
3
8
569
37
61
133
17
4
0
16
27
4
36
44
1
182
2
26
5
4
4
46
316
47
32
32
55
2
0
42
0
41
18
571
3
35
0
0
0
53
28
1
3
36
1
44
18
2
21
5
1
52
9
49
0
40
3
26
6
2
89
95
7
42
44
4
7
38
3
29
51
60
2
4
107
421
4
32
80
28
2
364
1
12
43
108
4
39
4
1
91
42
0
7
7
5
7
7
55
6
3
628
7
41
6
6
4
7
2
5
1
1
36
5
9
25
5
34
2
4
13
0
947
174
5
2
17
6
6
1
11
88
4
113
430
6
5
39
174
12
37
3
163
23
4
1
5
2
28
7
7
2
5
7
181
0
110
3
46
4
5
12
55
33
7
0
13
12
6
1
6
2
6
3
7
189
3
1
44
5
34
1
4
5
179
7
2
228
7
52
6
6
86
2
7
128
3
3
2
24
142
5
3
5
24
0
7
5
6
3
3
172
14
1
3
1
3
140
5
7
6
24
12
0
75
36
15
15
21
5
89
7
117
3
4
37
0
4
0
15
5
0
3
1
23
29
2
7
30
40
0
1
19
4
37
24
29
7
7
4
21
15
77
3
5
179
36
15
505
4
38
2
6
1
181
4
104
1
6
0
60
49
2
5
8
9
38
7
22
5
167
35
4
135
16
41
5
6
27
7
1
88
36
12
2
3
3
3
7
1
0
21
84
5
108
2
31
2
6
3
1
105
2
6
2
2
37
45
23
342
7
17
7
2
4
4
3
4
4
2
20
31
3
2
25
1
89
62
3
33
10
7
1
2
48
1
5
63
48
15
5
225
28
2
38
4
2
46
4
14
4
0
5
2
7
7
29
7
29
4
16
179
3
4
2
23
2111
3
3
13
146
7
103
21
3
6
48
17
13
112
3
102
3
2
2
25
3
85
3
6
34
2
15
5
0
0
3
17
57
19
3
367
28
118
27
5
77
24
13
58
133
16
26
6
6
5
7
2
6
59
5
90
2
5
7
9913
16
2801
14
3
502
1
42
4
2
4
2
3
7
2
3
13
1
31
1
0
3
37
51
2
6
34
73
42
35
4
6
32
0
7
7
20
6
6
4
3
6
17
0
352
2
2
1
5
1
179
5
20
0
54
42
31
138
1
36
4
0
14
57
15
3
2
3292
62
7
5
14
61
558
1
158
5
3
6
6
4
1
4
1
18
4
26
7
46
7
90
29
27
5
7
3
7
3
9
116
1
7
2
21
6
1
0
0
13
10
34
28
5
3
23
4
381
95
1
6
178
42
6
17
4
2
4
2
5
4
7
2
1
45
15
0
6
7
3
6
5
6
3
1
108
40
19
7
6
5
7
13
5
63
34
38
3
98
1
1
40
136
1
2
3
3
161
4
16
2
46
6
232
4
2
1055
0
6
80
5
2
1
101
4
2
558
3
184
21
20
5
7
5
1
1
5
2
6
6
334
6541
25
69
162
34
3
0
10
5
7
62
4
7
0
1
16
5
2
22
6
1
0
7
6
0
6
46
5
267
4
2
1
35
4
64
16
0
0
29
3
57
3
5
250
134
12
4
4
44
0
22
0
10
28
1
218
42
6
9
35
4
50
3
2
4
0
6
29
22
0
6
146
4
4
4
43
5
2
17
33
110
2
0
3
6
1
4
47
58
8
199
3
4
0
7
5
39
24
0
7
0
1
1
0
37
126
5
4
2
3
0
1
0
4
4
132
4
1
0
35
79
36
37
37
10
29
25
0
1
2
81
110
7
192
37
3
51
142
4
6
23
1
7
35
1
7
33
6
5
29
3
32
5
45
0
132
2
17
4
36
10
33
2
0
2
1
3
12
1385
4
8
7
40
7
126
3
6
5350
3
93
41
1
1
97
25
91
85
7
4
232
121
22
57
47
0
52
5
1
0
2
1
30
208
30
31
0
3
48
5
28
11
15
6
38
58
62
23
6
7
2
31
7
3
347
2
41
0
6
7
0
0
4
80
0
3
46
36
4
46
26
76
246
35
315
4
0
1
5
0
6
58
3
0
2
4
6
3
126
390
17207
187
7
5
3
13
29
16
83
7
3
7
4
7
4
31
2
60
2
135
2
118
2
4
34
2
4
3
7
0
19
477
4
46
2
50
4
96
1
25
6
1
207
24
126
61
3
1
1
54
3
147
210
7
6
3
5
1298
279
1
25
2
33
72
7
471
104
96
4
95
1
2
108
6
6
1
243
12
1
2
0
1
24
1
7
6
36
3
0
3
36
22
39
25
147
4
3
1275
3
0
7
6
415
55
1
167
2
1
27
7
0
26
3
4
3
53
5
5
10
2
48
63
0
4
244
38
81
75
8
0
89
36
6
0
5
0
7
4
3
22
412
77
6
45
5
5
1
2
7
3
2
1
62
7
0
36
356
47
52
20
8
3
73
4
3
867
14
15
27
46
35
31
2
6
5
0
86
5
43
35
0
19
10
779
44
6
39
5
4
42
128
49
21
3
3
3
189
0
146
37
5
23
17
0
4
20
495
0
4
2
13
2
3
2
14
4
2
107
6
2
14
5
4
35
2
19
17
3
37
2
1
3
5
0
17
7
133
3
0
44
91
2
39
1
5
7
3
0
24
1
6
1
2
1
3
58
1051
5
1
61
2
0
9
19
5
2
4
52
5
28
7
17
17
4
4
6
4
45
20
38
7
6
6
1
2
24
2
5
1
1
23
22
5
2
0
756
574
17
0
66
28
10
6
7
40
0
5
1
0
4
4
7
239
6
39
1037
2
136
40
2
5
297
6
46
163
106
3
5
13
49
258
3
20
7
0
56
25
2
69
6
1
1
1313
2
6
19
3
2
6
2
2
2
0
2
6
0
3
36
4
5
2
24
10
356
608
29
35
7
25
320
55
0
0
77
6
3
21
4
8
553
31
3
18
5
52
36
321
6
35
108
3
3
6
2
46
3
36
15
6
52
2
50
83
53
47
46
0
7
1
3
47
4
4
2
6
6
38
6
423
90
182
6
6
431
35
171
78
6
6
4
7
0
7
5
26
43
55
27
0
30
4
612
2
29
38
3
28
2
66
2
7
4
6
1
36
7
0
3
1336
33
99
2
0
64
21
11
6
64
33
3
43
289
2
0
0
0
55
240
1613
10
4
3
2
23
2
957
0
89
2
7
41
13
112
5
4
4
6
44
4
3
20
47
9
16
0
76
0
0
9
2
547
5
367
1
6
33
6
4
337
7
4
0
711
7
67
23
0
2
93
0
2
4
0
7
2
80
7
0
3
4
2
4
14
48
0
1
1
26
194
1
0
20
3
3
1
4
6
50
3
2
128
4
11
42
6
79
2
9
3
5
4
16
1
36
0
6
19
3
464
28
3
6
40
36
6
458
1
138
3
100
4
56
2
3
60
45
5
4
4
26
5
94
9
2
18
11
7
4
43
163
31
6
144
1
220
21
1
10
1
1
2
0
171
28
6
14
5
3
49
3
6
92
43
35
164
5
3
48
17
1
5
7
32
0
29
0
53
49
2
1
105
1
44
37
45
28
39
0
5
6
0
51
20
2
134
39
16
25
24
3
4
3
6
872
4065
23
109
6
10
3
3
64
219
144
30
2
40
7
3
0
6
3
3
7
35
335
5
3
20
84
287
1
14
0
39
7
3
0
1
129
0
5
51
5
47
6
7
9
4
2
3
46
5
9
3
2
15
13
5
36
6
189
1
2
1
40
7
43
4
23
1
13
12
138
1
24
6
0
2
5
118
34
0
6
1
2
4
8
4
228
93
3625
402
1
63
3
4
3
76
6
0
1
23
125
0
47
35
2
1
1
2
9
7
61
6
26
193
22
5
17
1
4
5
30
1
33
4
60
4
0
1
240
225
2
43
2
1
45
2
1
21
1
96
1
40
6
37
53
1
17
3
2
36
52
7
1
11
33
36
3
77
5
0
122
6
7
7
76
2
5
2
28
15
0
7
2
9
1
9
1
2
11
1
5
1
3
30
5
22
3
3
32
1
7
20
14
3
3
14
8
6
15
70
1706
28
0
16
11
5
2
17
13
6
1
1
27
22
304
25
15
6
3
24
3
2
314
61
32
4
0
1
0
71
6
2
43
111
44
1
5
169
7
2
29
5
6
552
35
1095
45
0
168
2
33
5
5
6
609
13
5
3
6
6
5
2
11
30
7
20
40
2
5
20
6
291
7
0
65
5
56
0
7
57
18
0
51
6
2
5
38
1
24
7
14
5
25
36
3
29
3
1
3
7
5
2
4
1
4
36
3
16
153
91
30
6
51
6
690
16
2
23
99
6
10
49
51
202
7
65
3
5
4
7
0
68
5
52
79
31
0
6
169
17
1
41
4
7
5
2
44
4
4
5
2
0
38
6
143
105
2
1
146
2
22
67
407
214
28
6
1
57
53
6
1
3
6
18
47
37
5
4
52
2
0
9
7
32
3
5
3
4
5
169
3
2
3
5
33
46
10
7
3
576
67
0
2
61
3
4
127
1
3
8
0
85
6
58
4
1
5
7
4
0
5
149
18
41
37
0
5
285
2
0
5
90
1
5
4
0
35
1
5
5
345
5
39
3
105
47
2
25
4
24
1
2
9
2
6
42
4
1
9
46
7
1
4
7
6
6
2
3
13
41
47
1
5
47
5
5
54
34
2
60
5
6
5
5
1
16
30
1
6
3
15
36
1
3
0
41
2
39
3
46
21
2
39
5
1
3
29
24
80
22
23
39
2
293
1
1
48
0
3
7
17
4
3
3
4
7
10
3
7
5
1
0
6
133
4
82
22
3
24
2
2
3
2
172
242
2
0
2
32
3
4
7
20
3
23
3
5
7
250
3
2
34
1
4
18
3
1
17
5
5
0
9
37
38
94
0
17
4
45
7
3
36
7
29
1
5
3
13
5
5
1
2
19
4
88
3
4
601
7
51
3
7
221
4
0
69
6
7
6
33
7
4
36
6
17
34
273
7
191
24
3
5
14
138
5
19
6
15
3
6
13
2
1
312
1
7
2
79
0
86
0
9
4
39
7
6
24
6
0
93
33
27
0
3
47
0
37
16
0
5
0
2
98
20
2
6
938
46
15
12
40
6
179
2
0
35
7
9
5
848
1
14
28
19
5
3
48
5
58
39
41
31
1
27
342
5
5
89
6
3
7
39
212
72
4
7
2
0
22
87
89
65
2
3
195
4
1
7
0
6
29
21
192
3
1428
123
0
477
4
287
0
45
39
2
34
7
13
133
2
38
3
6
0
0
42
77
5
25
22
11
2
3
3
34
5
7
1
0
6
4
0
0
34
377
4
99
123
19
50
331
0
5
17
5
14
5
28
21
239
15
6
1
3
5
7
2
1
6
34
42
6
1
155
7
2
284
3
1
7
1
23
29
11
9
33
28
159
4
3
3
24
7
15
5
1
16
1
41
2
12
155
2
0
2
1
19
2
6
42
3
3
21
5
0
0
41
0
11
3
13
0
7
9
20
1
7
2
7
15
48
6
3
4
4
280
50
14
0
4
5
41
30
3
2
170
7
1
14
222
9
5
4
71
28
42
5
3
117
10
5
3
0
50
5
39
0
307
6
2
58
1
414
13
0
7
6
42
5
3
98
2
32
2
133
35
5
2
2
383
20
2
41
4
5
6
3
150
37
5
4
270
10
1
2
3
2
35
0
5
56
78
36
12
30
80
53
34
42
15
4
0
39
1
23
2
49
50
63
6
2
192
5
4
0
2
4
53
2
44
26
4
5
2261
354
7
25
18
0
202
26
7
56
7
0
73
45
104
20
52
43
5
4
21
52
24
4
111
131
1
58
24
123
6
25
5
40
34
1
1
4
95
41
30
0
2
101
20
6
6
7
6
5
46
19
4
7
89
0
5
2
24
1
5
43
56
43
7
6
5
8
113
20
5
2
49
4
30
1
3
38
2
6
41
3
63
3
2
1
17
4
18
5
1
19
12
5
5
36
5
1
1
51
9
86
60
3
3
7
7
37
47
93
0
6
2
6
98
4
148
5
20
1
5
2
5
24
1
4
53
18
159
0
5
19
0
4
12
1
32
5
7
111
6
3
12
3
14
1
4
0
105
6
6
39
7
0
59
2
1
174
5
7
13
7
3
7
29
0
88
29
0
49
77
6
4
52
5
32
1
33
47
3
7
8
3
12
5
5
7
129
31
89
25
6
169
8
2
3
1859
6
1
188
3
7
0
2
24
163
62
21
7
2
11
3
1
4
313
6
5
22
15
180
7
5
2
2
6
3
129
6
11
4
12
7
4
7
10
5
6
5
6
70
5
3
5
37
44
2
173
1
186
1
26
6
123
532
1
28
3
7
23
15
0
40
2
103
58
54
15
3
11
132
4
7
3
4
33
4
35
6
3
30
7
23
2
379
4
2
2
23
7
5
0
2
1
3
3
36
46
4
22
16
3
2
181
2314
2
1
4
2
46
4
21
0
6
17
7
8951
11
0
0
0
22
37
0
7
6
186
1
6
47
10
6
50
3
2
0
7
5
29
3
24
2
20
304
1
139
0
6
2
5
2
0
2
0
1
1
135
5
3
7
3
1
47
2
836
15
1
2
50
13
4
4
49
49
40
0
2
7
29
95
7
103
54
42
13
10
7
31
0
1
6
1
6
238
11
38
84
983
68
7
23
368
5
5
3
7
141
0
4
1
7
0
33
17
7
22
3
52
55
193
29
1
1
4
21
48
1
4
44
3
6
4
5
1
4
0
0
33
15
7
15
4
56
43
3
0
105
1
2
7
1
97
3
48
0
44
1083
288
5
0
1
1
0
39
31
7
43
24
0
32
8
1
0
71
3
2
6
7
5
39
1
1
3
18
1
6
20
67
5
98
52
2
2384
1
25
46
0
1
21
23
35
0
26
5
1
17
4
125
5
22
31
3201
5
38
174
6
7
1
77
5
2
32
92
87
4
6
38
255
61
6
4
5
0
7
3
1
41
3
37
59
14
36
4
24
6
4
55
5
63
7
3
0
3
2
25
4
7
38
225
5
52
2
0
4
0
1
4
2
22
4
188
1
1
0
16
1
5
51
7
4
50
8
7
2
5
1
407
12
25
1
24
0
1
0
10
0
29
18
1
74
98
50
23
39
0
2
224
2
7
3
95
6
46
18
109
2
137
32
10
296
76
30
3
127
617
2
12
22
7
5
0
238
30
7
36
3
32
0
6
36
4
2
34
7
13
2
36
27
271
43
7
4
34
28
20
38
40
36
0
6
3
55
3
150
50
6
2
49
7
5
0
1
5
51
4841
173
2
135
293
6
22
18
0
3
2
7
4
59
7
4
2
0
130
4
10
1
29
18
28
0
1
4
4
6
6
114
7
5
33
0
186
3
638
1
30
16
125
1
660
13
6
3
42
4
5
41
5
7
5
0
69
17
2
3
0
2
3
4
4
2
36
0
7
3
133
2
1
39
1046
7
13
4
188
0
2
66
0
3
6
1
21
8
0
102
54
1
2
6
39
46
2
43
3
2
41
0
2
100
17
5
3
175
4
44
1
1618
5
5
1924
0
6
6
1
1
41
19
7
7
43
89
288
5
35
5
3
109
0
28
2
1
2
45
0
35
2
5
6
50
10
5
129
28
52
4
36
34
31
5
17
5
33
1
167
3
9
4
32
3
1
3
4
1
0
4
1
45
20
43
7
32
4
1
0
27
17
2
34
399
34
44
0
6
80
11
139
15
7
115
0
69
4
5
99
5
1
2
7
48
35
80
5
36
0
20
10
5
107
1
6
4
31
2
48
2
4
5
4
5
7
5
30
4
6
3
9
1
42
206
2
15
10
127
5
29
33
1
3
0
2
300
0
3
6
1
54
50
33
4
2
730
5
6
1
3
14
1
2
9
0
29
4
5
43
5
6
61
51
20
3
0
2
15
0
47
37
2
6
5
3
137
5
7
3
22
0
10
7
6
27
0
4
68
6
4
1
7
4
6
0
0
0
15
0
103
4
7
2
1
0
33
0
3
3
24
3
40
4
386
4
6
34
4
4
141
1
14
5
41
6
6
5
2
5
37
5
2
67
5
5
6
31
2
7
2
1
30
5
7
187
3
3
5
24
52
7
55
6
2
2
5
0
36
56
0
4
810
3
6
54
1
0
1
4
39
20
6
7
0
28
0
47
144
2
451
7
1
437
0
23
5
300
4
39
2
6
37
38
31
1
6
60
39
2
26
57
19
3
16
3
2
4
4
0
2
0
7
5
3
2
5
100
1
12
1
2
5
2276
46
1
6
4
19
0
3
0
5
3
51
0
5
4
6
45
3
4
1
39
11
36
4
126
0
3
0
42
3
10
42
15
34
12
106
3
43
2
51
41
242
2
46
1
7
2
4
0
2
0
7
2
137
7
0
61
2
17
3
5
47
42
11
89
31
6
7
21
7
6
6
22
21
6
131
3
0
5
5
7
0
5
337
275
3
0
7
1
6
5
90
42
0
89
3
4
48
1
40
7
182
37
6
6
8
4
20
2
7
35
6
4
4
2
27
3
4
1
41
13
138
4
9
5
15
17
1
0
0
36
7
0
34470
21
6
6
6
6
45
6
6
7
0
2
23
3
4
22
4
63
4
9
2
102
0
63
15
36
6
7
3
0
7
6
2
0
4
14
239
7
1
0
4
2
3
28
7
3944
5
0
34
58
31
1
1
2
92
3
19
1
1
49
3
5
2
6
3
285
7
40
12
1
231
8
57
5
44
2
25
28
14
41
5
171
61
20
307
26
7
163
8
39
4
1
29
32
6
6
7
584
10
7
2
249
3
59
23
49
6
39
24
18
65
0
316
7
6
2
18
9
4
3
1
0
13
1
0
136
7
12
0
5
58
4
4
7
1
1
28
0
13
42
46
4
1
2
35
45
3
0
0
0
17
9
0
5
2
28
6
25
9
89
34
0
5
6
2
24
172
164
17
2
385
12
4
4
194
14
5
59
2
3
88
7
34
25
78
74
17
21
6
7
3363
40
4
5
6
159
6
2
0
1
34
1
18
11
7
2
16
6
0
1
69
6
2
3
8
4
249
7
46
7
5
47
54
49
16
5
262
16
3
25
7
60
368
1
38
0
47
18
46
246
7
81
35
0
5
2
3
8
0
2
40
147
3
19
36
1
44
94
3
457
5
51
6
4
113
18
4
8
62
2
142
39
61
42
91
7
1
0
24
6
2
128
0
6
0
29
2
2
3
0
7
2
5
6
106
20
20
0
16
0
11
1
3
22
8
39
17
2
2
39
11
15
20
7
54
17
4
16
3
3
219
2
3
51
1021
3
2
2
74
22
43
28
89
12
133
2
0
5
77
15
4
14
22
2
5
36
7
4
1
130
17
0
2
3
0
128
26
7
33
7
2
2
5
4
41
7
7
1
10
37
2
32
21
7
2
0
115
5
9
5
1
16
125
34
4
39
1
7
5
4
7
27
4
5
28
2
6
5
7
55
0
7
4
46
1
25
7
5
0
5
4
34
4
4
0
3
57
90
3
2
0
8
26
50
29
0
16
49
57
2
48
3
3
30
4
95
1
1
3
101
47
81
5
196
0
3
6
985
6
5
4
0
2
157
2
37
21
16
1
22
3
5
0
32
2
25
61
2
29
5
5
2
3
1
40
45
84
7
10
3396
15
18
116
10
26
7
3
2
3
31
6
45
7
2
2
0
0
5
6
3
7
6
4
41
42
689
6
6
194
29
18
67
3
23
38
3
2
7
25
45
36
0
23
5
2
40
37
75
2
38
1
33
5
92
125
3
43
3
11
91
40
39
23
6
7
84
4
18
7
109
11
48
17
25
122
2
5
32451
7
29
48
3
7
7
2
1
28
54
3
2
5
1
1
36
4
36
54
7
5
104
102
2
0
370
3
8
17
33
27
5
4
0
20
0
1
3
5
7
51
56
0
7
36
60
5
4
9
6
5
0
1
34
2
4
3
12
20
59
1
17
3
0
0
49
6
35
6
34
30
139
2
96
4
7
0
129
1
6
3
1
18
2
7
0
34
17
6
7
130
5
50
95
1
3
2
130
5
11
2
27
0
3
0
0
7
37
332
44
0
4
1
6
14
187
29
249
46
0
7
326
236
7
4
1237
0
21
0
13
31
37
1
15860
3
1
29
5
141
27
22
2
214
7
1
2
245
1
13
3
3
5
6
2
16
20
6
6
7
8
46
2
26
37
2
0
33
3
23
116
7
1
20
2
370
11
3
247
6
5
261
19
30
1
35
5
59
6
41
3
12
45
6
6
49
0
306
35
6
6
1
3
2
3
23
27
6
438
4
3
36
471
0
0
55
3
23
184
9
1
6
8
60
0
1
2
39
48
0
41
48
5
1
3
4
0
20
27
157
179
4
139
76
111
6
4
41
23
2
5
22
90
3
32
108
25
26
6
4
4
0
10
20
37
51
1
20
5
7
2
0
25
1
18
111
38
30
205
4
35
6
40
7
6
14
36
102
94
41
5
48
246
45
6
0
1
0
6
5
7
2
123
21
41
11
4
7
189
7
49
6
55
69
6
4
3
5
0
6
1
4
5
3
1
1
19
7
1832
5
3
0
3
3
0
11
184
0
6
0
3
3
7
1
6
6
0
61
4
4
4
84
1
11
6
6
65338
2
38
1
115
20
1960
4
330
2
32
129
1
0
1
1
84
6
7
0
5
46
33
3
99
4
80
14
37
12
41
0
2
47
7
139
0
1
1
2
1
3
3
6
41
6
27
29
0
40
7
24
0
188
3
27
1
2
674
20
0
36
13
284
7
4
662
0
21
2
0
18
40
5
4
7
1
3
434
322
1
2
2
20
304
4
2
7
2
1
28
6
5
5
35
1
5
130
4
5
0
6
340
1
7
4
6
3
6
14
7
42
4
9
93
6
7
6
7
10
4
3
250
0
103
147
41
278
3
46
5
6
313
3
1
19
5
5
3
30
1
39
14
98
17
53
3
2
80
2
7
4
5
484
75
0
4
28
2
0
40
5
1
68
288
51
3
5
32
1
6
17
0
0
1
1
1
35
4
4
6
19
16
4
6
185
51
24
7
16
2
4
50
11
7
43
4
20
7
89
19
34
138
26
48
7
4
2
7
5
2
3
3
30
317
23
27
3
6
18
7
2
64
40
42
4
111
22
0
35
6
33
35
59
12
5
1094
6
3
136
3
4
43
7
16
39
6
9
24
5
5
0
0
88
7
0
0
5
54
6
1
24
5
53
86
31
10
5
42
327
23
6
115
0
4
2
20
1
1
0
4
10
84
13
33
5
6
5
43
3
1
6
337
6
0
0
13
24
0
22
4
7
7
1
30
33
0
434
2
25
6
35
2
0
6
5
0
4
6
0
3
2
54
0
0
10
53
0
3
6
86
11
27
29
6
51
130
41
7
53
22
6
7
2
90
7
24
15
51
23
2
4
36
5
4
28
1
2
109
46
42
34
3
56
3
3
5
30
1
2
3
1153
293
0
3
39
4
1
46
58
7
5
7
4
16
49
0
1
3
33
1
6
60
2
26
0
130
5
185
0
115
2
51
3
28
1
21
68
39
0
1
32
80
190
82
4
164
5
1349
53
87
11
33
0
2
1
4
2
5
4
32
180
0
0
20
5
2
7
34
7
0
7
7
4
31
34
257
8
4
7
42
2
81
21
7
12
6
40
16
6
106
42
2
31
109
38
7
73
5
13
11
3
4
7
28
158
9
4
0
7
41
37
23
6
10
15
7
4
3
14
6
63
43
6
177
0
52
2
2
0
5
0
38
1
90
265
2
2
5
11
42
27
16
65
22
5
49
0
2
5
5
26
15
7
2
5
5
4
551
22
7
1
4
28
4
50
4
9
49
7
266
45
47
0
38
1
52
33
4
37
12
243
6
28
6
4
5
1
3
17
7
3
1
8
4
251
0
333
5
112
2
46
0
22
41
129
1
43
3
69
0
5
44
0
6
4
2
7
29
5
62
40
7
3
166
11
4
153
359
6
5
5
7
1
2
4
14
13
5
7
90
46
26
1
11
5
20
2
273
2
32
5
7
29
5
51
4
2
7
7
34
11
7
363
0
74
27
3
5
2
502
4
3
7
1
0
2
31
14
99
6
95
161
31
0
166
5
5
83
35
12
4
4
4
5
46
477
36
266
46
0
2
10
24
74
4
26
9
1
6
78
19
6
5
6
29
166
17
8
0
2
20
43
3
0
6
0
6
5
7
5
7
3
57
7
57
3
234
5
2
2
0
0
1
45
578
130
39
64
290
124
3
32
38
4
7
17
872
2
7
4
0
2
13
3
31
45
7
147
20
5
2
46
3
2
0
1
27
6
31
7
65
0
36
0
0
23
7
5
1
2
0
4
4
22
2
236
48
402
6
199
61
630
4
0
20
5
2
2
190
4
51
0
1
3
10
49
2
3
0
6
1
135
2
224
2
41
0
2
0
5
26
1
2
6
1
6
20
30
33
42
9
14
47
0
14
14
1
46
23
41
0
872
143
115
28
2
14
6
2
848
13
19
3
121
17
46
7
21
24
3
790
19
7
145
4
136
3
3
52
2
190
1
95
0
4
26
38
29
0
152
6
15
33
4
6
219
50
13
0
39
35
5
3
3
8
30
4
7
284
676
0
45
15
1
5
1
1
6
2
2
6
4
4
307
87
50
5
319
3
102
2
2
3
5
65
39
4
3
1
175
5
54
1
0
91
4
1
2
13
36
7
3
4
46
32
5
138
0
9
7
6
36
1
2
10
28
7
4
7
3
22
47
6
106
3
839
0
0
23
1
5
36
29
4
32
13
26
7
3
4
56
0
3
1
1
255
869
6
115
5
92
102
0
0
6
0
15
38
0
37
4
5
7
1
4
7
108
3
16
113
2
7
11
2
6
10
26
51
4
1
33
5
1
10
139
61
3
25
2
2
5
21
5
19
3
5
37
129
7
0
6
61
7
44
0
28
2
8
4
39
15
13
0
13
418
2
4
30
77
34
43
0
6
163
18
3
13
62
13
1
3
1
13
65
57
6
5
47
5
87
24
4
4
8
5
947
6
22
9
95
657
10
3
5
3
1
42
1
5
6
1
7
14
6
2
16
1
4
45
3
68
48
2
27
30
6
82
0
2
24
7
2
0
248
0
7
2
516
31
4
2
2
149
1
160
6
4
40
1
371
411
55
4
6
177
64
0
13
24
3
5
0
4
0
2
0
0
1
1
2
14
0
14
23
4
5
3
3
0
24
3
3
1
5
7
29
0
0
2
281
91
1
7
25
32
32
1
11
40
30
8
433
61
4
3
7
200
0
47
4
11
7
120
4
5
34
12
7
5
30
18
2311
46
204
2
7
10
4
208
0
5
3
194
4
0
17
4
123
0
7
3
19
4
2068
0
24
156
44
6
41
20
6
62
0
14
6
4
44
2
125
2
2
12
54
630
56
16
4
3
18
7
2
2295
5
0
2
2
4
1
4
29
116
3
2
36
5
17
3
316
7
12
6
55
5
32
64
12
1
6
6
3
1
6
7
1
6
3
5
1
40
23
7
1
5
7
3
1
0
278
3
6
7
295
31
34
35
33
4
11
5
3
76
103
32
1
101
16
19
0
6
3
1
0
5
2
234
99
15
7
3
2
5
0
3
4
1
6
7
27
3
56
2
1
29
7
114
85
7
62
41
6
105
1
191
3
94
39
134
2
20
28
5
263
172
5
31
26
23
41
26
3
40
5
0
28
26
14
5
0
3
5
5
1
1
2
7
49
5
0
2
20
29
3
7
30
3
1
2
33
43
6
0
2
51
7
5
1
5
1
5
47
20
4
11
1
0
1
3
20
4
3
1
3
3
16
24
1
3
24
5
0
3
11
7
2
89
2
165
31
58
4
7
1
62
3
7
15
365
4
1
0
6
7
39
80
7
1
6
21
0
12
6
11
219
40
5
2
412
5
29
3
7
8
2
228
96
2
22
3
3
7
1
51
11
5
1
4
1
39
42
40
39
5
3
3
35
51
3
4
7
1
42
6
2
440
6
2
6
6
16
6
3
4
13
6
6
40
5
0
36
5
238
1
2
5
155
16
7
0
4
7
2
2
15
2
64
6
0
3
50
42
32
6
5
1
44
38
4
6
27
44
3
33
3
1
9
6
23
94
54
3
0
61
81
3
16
96
19
1
49
433
57
31
16
25
33
43
0
3
4
5
6
7
9
255
12
11
4
137
21
2
3
0
6
62
48
23
2
2
146
2
0
46
1
4
6
25
43
2
55
5
0
7
4
1
5
1
1049
7
288
22
30
17
1
2
7
29
0
22
9
0
21
1
81
17
1
12
2
5
4
120
7
0
95
0
2
2
47
56
64
6
134
40
2
11
5
7
631
2
417
17
6
11
42
3
30
47
3
27
12
0
14
2
7
27
196
3
5
6
93
3
43
49
6
14
6
35
25
0
58
94
49
3
28
9
10
7
40
3
22
24
0
6
62
6
46
7
11
0
53
7
4
4
20
5
1
36
25
5
2
36
1
5
41
201
31
2
1
2
34
7
84
3
2
59
5
5
2
49
52
12
0
54
34
20
7
32
4
4
2
1
4
2
0
7
2
3
29
39
54
2
5
3
0
163
89
37
3
31
30
0
7
18
48
43
5
72
3
33
3
15
2
122
45
59
15
21
13
25
6
4
47
0
2
51
3
41
3
21
40
7
17
0
3
0
6
43
11
7
9
41
1
1
75
5
167
26
20
12
129
3
54
0
183
65
4
11
0
14
47
47
2
9
5
6
3
30
7
44
52
5
10
8
5
0
0
40
8
3
7
2
76
7
1
6
0
31
37
17
4
7
0
32
86
0
73
5
7
6
174
100
12
40
56
14
0
20
4
5
31
2
11
2
607
1
3
8
85
36
110
3
52
1
2
7
23
3
3
3
0
3
39
5
4
417
1
14
2
3
55
36
0
83
56
45
4
3
124
42
0
3
1
77
1043
1
5
104
3
64
2
20
76
0
51
1
51
28
0
1
11
119
24
7
3
31
71
0
3
0
36
7
90
7
4
3
184
4
4
0
7
29
1
7
7
5
1
45
10
2
2
31
5
6
14
28
433
3
7
6
3
47
0
6
2
3
0
41
5
0
0
0
2319
24
7
215
6
38
122
32
4
0
148
25
3
6
7
3
576
107
7
684
2
5
24
6
3
4
6
2
7
2
5
6
264
39
161
5
0
112
1
50
45
3
4
54
0
5
52
10
2
300
1
20
0
34
33
90
5
4
130
2
41
15
2
1
0
1990
97
48
2
215
2
59
7
2
6
38
134
0
156
21
5
7
7
6
3
6
150
0
307
14
161
23
6
5
5
3
2
11
1
33
38
2
0
4
6
26
25
50
4
210
18
310
82
2
1
2
3
173
536
55
5
1
7
2
68
2
19
0
0
4
300
122
1
3
91
1
3
43
36
2
41
38
7
2
46
7
5
2
63
19
0
47
2
2
4
29
1
11
4
1
35
1
4
73
7
5
2
85
0
5
1
3
7
1
2
14
58
3
3
25
799
62
1
46
300
3
234
5
4
37
2
3
3
46
5
1
3
3
3
8
3
2
2
57
22
6
5
2
1
250
22
33
19
44
7
61
52
2
46
0
4
41
301
0
0
0
0
7
10
53
26
341
0
431
7
3
4
4
79
3
339
4
16
3
2
7
3
2
3
7
4
129
1
4
42
4
7
21
7
2
22
0
6
4
3
27
184
24
0
1
4
5
45
3
4
199
2
5
2
6
1
16
104
1
0
85
154
0
0
15
3
2
32
20
0
122
9
46
7
0
294
7
2
6
25
1
2
156
12
29
3
7
4
1
11
31
0
190
5
35
1925
15
12
25
2
4
870
7
2
0
2
1
6
7
7
31
10
585
2
6
36
51
6
58
0
7
16
3
2
0
347
4
368
1
39
1
19
9
203
19
6
5
1
16
2
1
6
68
471
339
4
46
6
3
38
38
36
1
6
1
1
7
6
17
9
27
1
3
0
1
2
29
6
5
7
14
4
18
105
2
35
5
6
4
0
4
5
8
1
15
6
2
24
4
96
6
0
3
1
1
7
3
4
0
34
3
6
3
48
7
7
34
47
0
83
39
1
22
57
13
37
5
1
6
0
7
7
0
25
694
7
44
10
4
24
99
87
29
0
52
5
3
13
20
2
167
54
4
6
53
1
0
43
5
5
57
0
1
37
5
6
39
2
105
3
5
2
17
5
354
42
1
29
6
33
7
561
103
5
1
5
4
27
0
161
16
3
2
32
25
60
12
0
35
2
5
12
0
4
161
184
10
7
2
4
15
25
4
44
28
2
611
7
39
6
5
41
0
88
9
20
6
22
120
4
7
29
1
2
21
1
280
37
0
4
4
57
2
0
4
96
6
5
4
3
169
57
0
27
15
2
330
3
236
2
3
3
7
43
0
41
2880
22
4
2
3
16
48
2
3
18
0
4
7
0
0
6
3
0
36
11
0
311
4
7
6
5
48
1
2
179
3
36
140
7
3
0
3
26
56
7
1407
7
24
1
3
4
58
7
18
28
6
6
3
100
20
4
1
99
6
25
46
1
19
421
0
17
9
14
8
15
5
5
7
140
1
63
21
0
5
2
1
14
3
5
5
231
15
5
6
0
3
17
35
1
4
3
19
3
2
7
1
4
1
24
34
2
7
38
3
6
1
7596
5
26
0
6
8
36
5
5
6
25
0
10
5
142
0
1
0
35
6
51
101
41
3
6
36
4
3
1
8
6
2
7
26
57
5
2
39
7
53
77
33
60
1
0
1
64
17
69
41
6
35
5
3
1
31
0
2
6
7
46
3
163
0
137
6
6
2
2
2
1
5
154
106
3
12
6
7
3
6
3
7
1
3
46
6
38
203
3
0
46
4
7
7
1
36
5
6
30
3
6
4
5
28
7
20
41
23
74
6
2
5
42
6
4
43
1
16
7
34
32
5
38
6
40
81
42
3
18
97
5
45
34
4
20
4
0
7
41
14
0
3
3
12
0
3
47
0
3
12
16
0
8
15
1
0
33
142
7
5
47
7
3
15
34
5
11
0
3
3
127
4
0
6
5
59
2
12
12
11
6
110
30
7
7
3
7
2
10
35
41
5
2
35
6
7
33
5
1
200
13
4
2
0
13
6
155
2
12
6
39
1
4
2
5
6
37
65
48
59
5
1
239
31
1
2
260
3
5
51
2
53
15
27
1
33
0
8
19
74
4
9
7
38
5
56
32
0
3
4
90
12
6
0
3
4
28
19
41
51
91
31
148
48
144
16
210
10
1
2
60
51
152
39
197
3
6
6
116
38
6
22
144
30
72
103
6
42
47
3
2
5
0
14
0
1
2
2
5
58
25
195
13
16
2
7
0
2
32
30
5066
6
6
3
48
6
2
15
0
3
51
2
16
5
1540
7
53
779
81
3
5
1
51
5
30
4
7
2
11
77
72
1
51
0
15
15
6
50
2
14
6
1
6
9
1
117
46
4
38
38
304
2
42
6
2
0
34
3
14
7
0
51
21
83
4
145
3
2
10
8
1
222
0
2
267
39
8
4
25
39
663
53
51
141
3
4
7
38
11
3
275
4
7
3
45
7
50
42
0
67
115
5
258
3
50
49
0
4
216
23
7
4
3
4
25
3
360
0
7
137
4
6
251
6
1
42
5
7
6
28
10
1
12
2
3
40
15
2
5
36
4
7
15
15
28
1
2
6
6
5
188
2
3
0
5
5
6
2
0
11
2
3
3
1
0
0
5
3
2
0
0
1
232
6
2
35
166
6
0
6
7
7
0
60
21
25
3
4
36
30
1
3
6
2
2
5
1
0
2
38
35
1
105
2
6
18
12
1
0
5
1
4
46
6
5
67
12529
53
3
14
7
5
4
5
3
18
75
6
7
3
4
1
0
5
89
8
57
49
133
0
5
5
6
2
30
4
0
23
33
18
0
6
2
5
4
24
10
10
7
53
6
5
6
20
5
2
29
3
5
272
3
3
1
7
18
119
0
3
32
36
2
7
38
1
6
3
0
0
17
70
29
80
3
1
25
2
90
40
7
41
6
2
39
28
10
0
5
91
6
15
3848
6
280
11
6
1
0
6
38
2
3
0
25
1
32
5
6
1
241
1
0
65
167
1
161
101
29
6
15
5
13
4
679
47
2
57
6
49
161
7
40
25
50
4
2
1
24
43
6
245
1
2
5
7
6
37
10
0
4
49
6
2
6
7
0
7
7
34
5
40
42
1
2
6
6
4
6
217
50
42
41
0
0
68
4
0
4
1
1
29
1
5
0
123
6
1
76
15
3
199
1
3
7
53
70
4
23
6
58
131
1
1
126
29
3
5
3
7
91
4
2
4
44
6967
65
51
0
3
5
89
2
5
2
16
0
3
1
2
364
1
1
7
30
169
1272
47
7
45
0
50
0
2
3
7
289
22
42
6
4
4
39
1
6
4
14
51
11
16
0
5
15
4
49
26
5
60
4
4
328
4
2
43
12
15
2
26
0
3
3
189
37
0
5
6
64
0
1
15944
5
16
5
15
143
1
29
6
69
5
33
2
0
27
8
40
5
36
0
22
1
14
7
11
5
68
17
49
10
1
21
0
32
7
11
0
520
81
38
4
32
5
179
4
130
21
5
56
140
33
4
14
43
102
5
342
3
40
3
0
7
17
1
78
5
7
42
2
21
1
5
64
19
1
72
7
19
105
23
8
76
30
22
40
39
0
1
40
5
2
43
35
49
43
2
13
64
6
5
0
19
23
7
7
3
4
39
6
13
45
3
239
0
5
5
121
2
2
2
3
1
3
126
2
0
13
51
6
1
0
4
8
7
4
3
6
98
185
1
5
0
5
27
1
6
7
38
16
1
7
0
8
31
38
4
5
71
7
5
4
5
115
7
7
24
32
0
4
2
5
10
1
7
0
43
6
120
64
5
1
2
6
1
6
20
2
35
140
283
51
3
7
170
0
2
16
2
12
2
4
1
0
0
6
5
0
6
5
2
22
2
20
5
18
0
12
66
30
6
6
95
235
7
5
8
0
361
4
28
2
147
5
6
971
44
7
6
5
164
2
6
20
4
184
2
3
0
28
163
4
0
152
0
1
4
5
4
6
14
2
1
7
142
47
6
1
5
23
23
3
7
208
0
298
95
1
191
7
29
17
41
46
30
4
3
10
3
4
37
6
1
2
32
3
4
273
0
1143
3
18
7
14
24
2
1
167
45
86
81
221
55
10
50
3
44
150
7
35
15
273
56
0
6
27
8
5
7
5
9
1
5
0
345
0
13
4
51
4
4
2
6
19
27
133
4
1679
6
3
7
37
0
7
3
18
7
62
111
4
4
45
38
6
10
7
0
64
26
25
33
6
1
2
7
3
61
1
32
70
7
5
2
2
1
1
3
14257
0
148
1
10
90
158
6
2
254
691
7
5
7
17
1
22
41
3
1249
28
278
48
7
4
7
19
46
5
30
31
2
20
4
7
2
25
30
18
62
6
297
5
50
63
4
6
7
5
71
2
5
3
7
0
0
103
37
1
4
16
4
0
36
2
0
106
4
983
2
29
6
7
229
95
0
9
2
2
0
4
1
7
18
18
57
29
2
80
2
1
16
1
2
3
4
1
7
7
1
26
1
7
7
1
46
4
147
27
4
1240
0
46
55
0
7
6
42
258
46
23
72
113
1
6
2
4
7
2
46
26
12
4
1
5
3
2
2
2
6
2
1
2
3
11
7
34
1
0
168
29
14
17
2
11
0
3
46
2
7
1
2
3
8
5
43
6
6
99
548
30
38
7
7
7
2
308
47
61
16
292
5
680
45
7
11
5
22
15
11
5
53
30
21
16
4
9
4
56
0
139
1
5
48
26
0
3
4
20
11
3
5
16
0
16
3
5
11
12
4
5
3
3
5
0
4
5
45
5
21
121
4
10
19
0
74
77
20
0
31
21
33
1
1
31
19
8
6
4
15
0
4
32
1
97
2
56
22
248
33
34
4
3
9
0
4
24
1
30
0
57
2
2
18
0
2
43
72
4
43
1
1
8
56
156
2
9
102
5
1
3
5
1
3
10
29
187
378
1
29
9
1
1
4
47
92
2
1748
4
19
16
4
39
29
117
5
2
4
5
0
17
1
167
59
0
1
0
3
11
4
267
2
59
527
5
30
1
9
31
34047
1
18
27
12
3
9
1
4
0
1
19
62
48
5
18
24
4
2
2
2
38
2
152
47
31
7
58
1
59
0
3
4
5
75
1
62
5
19
2
14
4
1
3
38
1
4
0
3
4
16
1
5
34
3
11
27
34
722
0
16
44
30
4
0
2
0
8
30
2
21
0
74
5
1
69
0
3
5
24
1
2
3
1
3
4
28
2
10
0
203
2
4
12
1
4
68
1
2
4
9
77
1
2
1
21
4
2
3
0
5
6
17
50
12
36
16
1
27
21
21
2
0
18
4
5
16
16
2
3
3
20
1
22
1
582
76
81
3
26
0
4
5
139
10
28
3
1
3
1
3170
1
2
19
25
43
2
5
149
8
18
21
145
23
3
1
4
21
36
31
48
102
1
0
2
4
1
5
5
2
4
2
39
154
1
9
4
4
5
5
4
16
38
27
89
29
68
37
4
128
15
16
1
4
16
1
1
39
9
24
4
52
2
33
23
0
27
44
4
5
5
3
4
0
30
88
4
883
3
3
13
22
0
35
80
9
22
166
0
0
25
1
2
3
7
0
1
3
2
0
80
35
24
3
5
12
30
1336
47
1
9
5
12
28
15
2
4
0
27
5
15
4
1
5
1
26
0
27
1
599
20
26
4
12
74
5
31
4
0
15
33
2
360
27
27
13
3
34
20
0
15
33
3
1
3
26
6
3
0
49
45
102
3
1
214
5
1
1
325
950
1
4
63
10
11
9
2
1
106
25
0
5
0
53
30
3
134
9
3
1
21
4
3
3
0
33
29
2
9
21
21
1
3
5
1
2
16
2
86
3
2
8
109
5
34
16
10171
23
4
6
4
61
43
5
0
7
49
8
22
4
20
2
4
5
2
2485
15
5
5
364
3
2
5
13
0
2
29
1
23
2
4
5
2
28
15
4
11
2
21
1
56
29
91
5
3
5
4
3
3
49
44
1
14
4713
5
20
11
5
100
1
141
23
0
5
4
1
1683
21
3
5
10
89
15
14
5
34
34
2
3
5
49
13
121
0
131
0
17
30
4
23
0
10
48
9
9
79
22
8
0
297
51
3
11
13
30
26
5
26
17
0
0
2
1102
5
2
1
0
26
182
22
16
2
37
5
23
60
0
3
5
5
4
4
4
5
29
2
19
1
0
2
2
1
4
2
3
37
0
25
4
3
323
16
2
5
4
9
3
3
4
67
5
42
1
5
0
0
100
45
0
5
53
2
73
8
41
0
5
4
13
27
67
2
1
5
192
111
16
28
27
4
1
0
0
50
5
5
34
5
22
8
3
3
7
122
5
3
8
1
0
4
59
0
1644
5
129
9
118
52
1
34
45
5716
6
81
2
3
205
23
14
30
2
13
241
79
27
50
21
23
3
23
2
1
5
3
2
19
4
69
9
0
2
1
126
1
0
78
29
119
5
30
4
0
26
17
2
3
2
34
1
11
1
3
109
0
1
47
29
4
0
24
125
30
5
0
36
4
4
185
11
2
49
5
15
30
3
24
0
1
3
2
3
127
57
59
29
5
0
26
5
45
90
3
31
5
0
2
12
4
0
0
2
17
25
112
85
18
57
16
52
34
51
0
1
12
4
5
1
0
4
1
3
3
34
4
1
5
3
26
11
3
0
3
2
2
30
4
3
1
4
1
22
122
24
12
2
33
29
37
15
0
1
14
7
110
33
2
3
5
90
2
1
4069
1
3
3
60
4
14
0
1
2
26
1
29
5
12
57
20
1
3
2
1
3
2
19
7
4
0
1
4
5
4
29
3
391
5
29
0
95
1
3
2
20
5
3
0
50
354
3
5
2
1
3
2
176
3
5
2
8
24
88
17
5
0
5
0
0
2
2
207
4
279
3734
184
64
5
14
3
5
0
3
31
16
117
98
310
4
0
0
8
14
4
4
1
17
4
5
2
8
34
21
138
16
57
3
25
28
19
1
6
9
31
4
5
2
24
58
30
4
51
27
0
6
0
71
9
39
3
1
12
6
7
195
17
58
1
3
4
5
20
33
0
35
5
4
71
9
0
5
12
908
26
0
2
32
3
13
2
10
4
182
1
2
5
44
121
4
1
1
36
5
1
4
2
15
5
3
0
0
5
4
27
36
1
55
32
15
231
38
2
147
5
4
1
2
0
0
23
3
47
11
3
10
67
21
28
248
1
3
1
4
4
62
11
46
27
0
3
5
3
30
35
175
0
1
29
440
2
92
100
3
19
11
5
35
0
705
44
4
8
2
2
0
5
3
19
1
4
2
3
220
5
3
7
2
131
37
15
19
1
37
147
4
0
1
7
60
2
15
7
181
28
30
4
1
6
43
1
106
3
2
50
8
28
6
5
13
24
88
5
3
4
5
169
32
3
2
64
3
0
23
11
0
2
5
4
1
1
2
2
2
30
211
2
18
16
4
33
3
5
1
0
45
4
4
5
5
30
1
1
45
22
45
31
1
3
1
0
102
4
4
13
2
5
0
5
78
2
6
8
9
5
1
188
33
62
127
11
1
2
45
8
5
5
4
0
543
4
13
3
3
14
1
1
2
41
2
1
0
3
16
14
2
32
10
2
10
0
11
3
0
108
0
7
14
63
0
10
19
4
40
15
3
77
11
8
3
13
0
24
24
3
6
2
8
29
3
5
27
2
31
45
16
1
2
2
6
0
21
31
15
12
7
1
0
5
5
480
4
2
2
57
39
9
6
32
58
11
18
26
6
88
2
358
19
1
105
950
84
0
55
4
24
111
508
1
2
1
10
3
22
2
1
5
24
5
4
13
2
12
1
0
13
5
67
0
5
4
1
4
5
86
4
4
33
5
1
1
0
3
3
27
5
41
53
1
14
127
4
18
1
8
44
20
49
1
5
2
5
38
0
5
2
1
11
0
2
2
11
31
18
2
62
3
0
23
3
14
40
3
1
8
32
2
3
10
1
4
29
4
16
3
43
20
4
54
5
33
25
23
0
4
18
0
2
60
10
4
230
11
3
5
18
2
50
15
5
5
5
2312
4
2
2
1
9
54
28
6
3
4
5
4
1
25
41
0
11
0
1
4
5
2
13
3
0
4
3
0
1
18
47
20
4
79
3
26
5
2
48
10
24
3
34
38
4
0
3
3
84
3
0
48
4
4
3
91
4
5
27
46
25
0
5
6
4
27
24
30
4
12
3
2
2
2
0
21
5
1230
20
31
1
29
0
1
17
6
5
5
3
14
35
5
6
5
19
55
2
686
96
1
0
4
13
42
29
2
17
26
28
21
1
2
24
30
28
0
1
7
4
3
2
23
3
15
87
3
294
2
1
2
2
0
3
5
7
72
3
8
80
4
10
14
19
33
73
10
0
31
2
79
5
110
3
94
29
8
2
4
3
3
3
96
17
1
5
1
4
13
5
1
22
1
129
118
5
2
1
4
16
19
0
4
23
2
10260
1
6
10
1
156
18
4
5
28
5
4
414
113
4
3
1315
16
4
11
6
1
1
12
3
5
0
45
3
4
5
0
4
0
4
0
5
21
14
26
28
24
43
51
78
37
73
4
8
12
2
3
127
0
30
2
5
1
3
26
4
2
1
0
129
58725
2
28
0
133
1
1091
5
2
3
95
3
1
21
6
59
121
2
84
1
1
0
1
3
0
28
63
4
17
5
47
0
11
0
48
125
0
15
2
31
106
3
0
170
0
18
4
38
11
2
4
182
5
25
271
2
35
2
46
2
0
116
187
2
11
16
11
0
14
233
259
8
1
40
14
1
4
4
1
2
20
1
150
0
4
0
4
33
33
1
5
14
21
1
17
15
3
1
5
0
3
2
0
3
5
10
0
7
48
45
8
4
0
5
7
102
1
1
2
31
1
59
40
27
2
12
359
14
498
4
91
1
2
5
2
2087
4
99
3
3
5
1
0
2
4
1
3
5
4
2
10
419
6
5
5
38
1
2
19
17
28
4
4
1
16
15
3
3
41
3
4
14
14
7
4
18
5
5
5
26
0
86
50
3
7
1
8
5
47
1421
1
3
72
0
3
2
14
2
0
88
3
94
0
3
26
31
4
31
6
29
44
0
5
32
18
4
29
16
1990
11
3
20
4
34
14
13
31
38
70
2
0
5
38
1
78
33
0
4
1
1
21
74
418
11
1
1
697
3
3
5
14
2
19
4
3
165
9
3
15
32
17
5
4
80
6
2
1
4
13
0
4
3
2
36
1
1
30
5
321
78
57
3
21
40
3
2
27
11
1
26
4
0
1
45
5
32
101
32
5
4
4
4
2
5
5
2
0
21
3
2
1
1
77
2
1
1
4
3
3
197
15
1
103
20
2
34
9
65
156
77
1
3
5
5
5
628
3
0
3
0
2
2
3
6
3
1
2
1
2
2
4
1
3
1545
0
1
1
19
2
87
4
2
2
1
2
38
1
4
18
24
20
31
27
5
4
0
79
4
27
3
4
0
6
3
5
2
4
14
8
3
4
2
9
20
0
24
17
77
4
43
2
0
4
32
3
1
15
92
3
35
2
13
1
2
176
63
141
5
5
2
28
1
7
9
3
3
3
0
1
2
6
13
5
20
107
1
3
19
2
4
1
90
92
1
10
4
2
16
3
20
1
3
15
3
3
4
4
1
55
1
25
57
23
2
5
37
0
24
10
10
265
5
2
30
44
16264
3
0
59
25
12
5
76
1
5
48
986
15
17
1
1
3
125
5
3
31
5
81
3
1
48
0
50
11
5
59
4
45
20
1
4
34
4
36
461
2
3
5
4
5
3
4
15
1228
24
2
1
4
1
2
1
52
11
1
44
3
3
3
55
16
25
28
3
3
38
3
2
1
3
486
26
35
9
2
4
1
10
4
1
4
0
1
26
1
0
4
5
3
12
1
0
102
4
1
15
16
6
33
145
54
19
3
22
1
43
1
44
5
32
2
0
1
38
5
3
4
44
0
4
36671
4
1
14
39
2
8
0
5
41
5
0
27
26
22
36
49
47
3
1
16
3
599
97
0
3
4
6
2
22
117
49
3
18
2
1
27
10
12
1
53
4
34
0
3
1
5
8
0
2
50
34
777
20
15
2
34
6
24
27
5
1
3
126
30
4
6
41
210
3
5
1
244
18
0
3
4
8
56
16
3
4
21
29
0
18
74
3
3
12
2
94
25
79
2
23
14
1
3
3
5
32
22
6
3
1
23
4
0
16
48
3
127
13
4
0
5
0
0
0
30
5
5
2
5
18
4
25
5
4
27
35
29
2
102
2
3
0
25
63
25
3
0
8
166
0
16
62
3
1
0
5
11
50
5
1
1
21
1
0
887
5
4
72
2
19
51
5
2
5
212
0
4
0
3
42
5
2
0
3
1161
20
1
2
1
5
14
28
44
80
56
3
2
32
3
28
13
2
4
1
2
21
40
53
75
52
52
40
44
24
46
1
8
44
27
37
1
0
200
23
15
3
5
2
4
10
3
0
4
5
704
48
0
5
12
90
2
1
3
5
5
102
19
3
34
2
71
4
28
38
5
12
2
3
4
2
1
4
5
95
2
11
1
10
3
2
3
33
5
32
959
62
31
25
3945
5
3
36
22
39
45
4
12
2
2
10
1
38
40
12
5
1
8
0
4
4
3
12
16
3
21
72
39
2
16
47
5
4
17
5
36
5
2
5
7
4
11
27
1
23
0
2
5
53
1
5
3
1
14
10
16
1
3
76
2
5
17
13
2
3
1
27
4
3
3
4
4
47
0
5
64
13
4
111
0
5
4
2
20
9
1
1
47
48
27
1
1
16
3
3
22
4
5
1
1
0
2
2
3
65
1
99
2
2
27
3
0
0
2
8
0
1
2
5
83
45
4
50
4
2
5
15
55
91
2
26
4
4
1
5
1
131
3
0
2
0
0
5
4
6
8
129
496
30
4
5
2
7
1
2
25
11
3
0
2
1
39
5
3
44
5
8
32
5
2
0
7
212
1
4
0
3
20
2
6
4
5
29
0
0
0
0
0
13
29
33
1
0
5
2
2
5
14
2
35
5
0
9
0
5
5
5
27
5
2
1
4
1
2
4
12
5
2
20
12
79
0
2
81
14
2
3
0
4
5
1
31
57
32
11
1
9
3
1
0
4
137
0
3
3
637
27
108
5
38
2
1
3
1
53
5
2
6
30
23
13
4
1
5
1
4
7
4
3
2
3
33
0
14
4
64033
5
5
8
9
58
5
3
3
58
3
0
3
76
16
21
4
4
20
3
9
3
79
4
91
3
2
5
4
17
5
19
357
22
23
2
4
19
15
2
1
8
10
12
25
1
1
5
4
67
11
5
31
0
4
3
3
1
29
11
22
76
1
8
1
39
49
2
3
16
13
1
6
2
3
72
2
5
5
4
5
2
0
1
19
3
76
21
4
2
5
4
95
4
3
21
2
13
91
2
2
0
5
443
2
1
1
45
65
4
3
4
0
3
18
1
0
4
30
5
15
2
84
1
5
151
4
29
4
19
1685
9672
0
37
9
19
2
3
21
3
8
3
4
3
37
0
2
0
292
119
27
1
3
5
14
1
1
20
88
39
0
4
2
1
13
8
44
4
0
8
5
2
63
32
5
0
2
5
22
0
4
33
27
5
7
2
130
26
2
31
5
1170
30
5
16
0
39
2
0
0
17
1
356
4
4
2
29
3
3
149
0
4
4
2
32
3
749
54
113
1
5
20
17
27
134
38
0
5
3
35
21
101
3
13
150
8
3
1
1
10
37
1
8
165
84
0
7
22
12
3
0
28
30
0
20
3
23
2
7
14
9
33
0
1
10
118
37
0
18
258
11
56
2
22
58
2
41
1
5
4
17
262
119
14
10
2
1
53
23
6
5
5
4
2
0
4
121
10
1
31
48
23
11
3
402
3
27
3
3
2
416
2
3
3
1
32
268
0
24
5
0
0
10
24
1
33
112
144
14
1072
32
0
103
5
14
26
3
3
20
109
79
1
5
0
57
143
1
55
18
31
5
13
0
1
5
0
1
39
14
0
2
3
121
13
0
5
20
0
23
21
4
0
5
4
76
200
4
5
17
1
25
26
3
21
17
5
9
0
2
0
5
8
0
3
61
0
1954
2
1
8
3
1
2
0
55
28
14
1
3
25
0
21
8
0
0
5
3
184
5
3
9
4
89
49
19
16
33
54
26
21
4
4
5
21
9
5
25
1
84
10
3
329
102
2
48
2
4
878
3
2
1
28
572
15
5
2
31
6
19
30
17
1
30
2
4
4
3
4
2
0
5
17
2
21
0
27
14
4
1
19
4
22
2
5
117
29
231
70
14
4
2
5
30
0
5
5
0
2
17
2729
5
0
2
1
33
0
3
1
42
1
7
3
3
288
11
4
9
11
3
0
29
1
2
64
25
4
31
2
4
12
4
2
4
4
1
3
1
3
3
3
20
0
9
1195
4
1
20
54
4
17
5
3
2
28
3
71
5
4
4
14
17
5
111
1
86
5
5
19
25
104
49
3
1
5
2
4
2
5
5
4
16
1
3
33
257
16
39
3
358
21
371
4
121
5
4
57
45
4
5
25
41
53
1
21
52
5
3
0
56
11
19
5
13
2
9
3
4
20
22
13
70
5
1
2
125
1
12
44
2
49
18
4
12
5
2
32
57
4
38
3
8
16
1
7
5
32
5
0
62
16
9
57
1
27
20
3
22
232
31
529
3
11
20
41
68
5
5
0
3
16
2
0
5
2
17
2
0
14
237
552
13
4
5
0
23
40
3
23
3
47
23
103
828
2
29
5
12
5
0
52
0
2
130
26
34
0
3
2
26
3
38
14
5
0
55
129
3
3
1
15
1
16
39
35
62
52
98
1
5
15
5
12
3
106
195
2
4
0
48
4
45
3
52
33
2
5
39
40
1
32
16
101
19
91
1
4
32
83
5
26
1
5
37
143
8
103
41
56
7
4
0
52
3
28
2
0
4
0
11
8
44
67
1
154
14
1
16
4
5
1
83
9
0
1
2
2
4
11
46
0
5
17
1
25
4
21
88
87
4
21
211
1
5
0
5
33
49
1
30
56
20
37
5
3
52
4
2
2
1
52
2
5
0
2
5
34
1
5
8
5
12
30
5
79
4
5
3
0
3
91
12
5
0
5
1
15
12
1
31
9
3
10
44
53
2
0
4
2
13
47
29
7
0
3
4
5
0
26
11
19
4
3
2
0
3
3
3
0
0
33
0
1
4
2
121
2
3
2
33
1
3
23
1
0
145
33
37
21
3
0
0
30
20
7
1
19
14
43
0
823
1
35
1
26
2
61
93
4
2
2
21
2
5
3
1203
5
35
5
3
5
2
28
2
144
0
3
3
117
12
42
5
7
31
2
1
5
4
3
4
46
45
3
8
4
31
4
107
25
14
17
4
22
179
55
29
15
6
3
30
0
32
47
1
5
0
27
3
27
0
0
24
2
5
5
44
3
9
1
2
97
5
20
2
182
0
26
2
2
7
2
1
3
2
2
1
9
2
8
5
1
144
41
3
4
15
1
34
57
10
121
2
2
9
3
616
51
0
19
2
1
5
19
2
2
5
7
2
1
11
27
4
1
0
0
18
3
386
81
3
0
1
4
20
224
1
11
119
5
5
4
2
0
11
19
2
1
147
18
1
13
2
25
7
14
52
3
4
3
3
31
17
0
0
3
67
2
6
2
3
435
0
3
21
4
5
74
5
103
3
4
4
32
4
5
4
5
84
1
2
3
23
2
4
4
4
34
17
9
5
2
3
0
2
20
25
5
0
1
11
25
13
3
24
4
12
1
5
3
3
0
132
19
11
23
2
59
2
121
0
3
4
0
7
5
43
17
4
14
3
4
1
603
1188
2
4
6
172
3
37
4
10
0
3
5
4
4
3
4
4
1
5
2
5
18
7
2
2
212
40
129
37
35
2
2
2
5
2
93
0
3
44
5
91
3
53
48
2
5
3
49
2
1
2
1
1
12
12
0
5
2
5
30
4
11
0
15
4
3
0
2
1
0
56
27
5
2
18
3
27
19
25
17
14
4
8
1
48
27
2
4
1
28
12
21
2
11
0
9
2
13
0
4
18
2
3
138
5
4
0
7
1
86
49
5
5
16
3
45
4
50
58
0
2
2
9
20
56
156
5
9
4
1
1
22
13
695
3
5
5
24
20
40
3
3
0
17
0
5
0
28
3
23
9
114
4
16
13
0
34
45
49
3
4
3
11
18
34
5
171
146
246
5
3
53
4
2
88
4
3
4
1
1
5
8
20
43
166
2
2
144
0
5
3
0
2
5
2
9
6
2
11
19
5
1
20
0
0
10
0
36
46
3
5
0
1
546
3
2
3
25
4
1
480
5
5
5
3
5
2
0
24
144
30
846
36
53
4
0
13
19
183
20
25
0
13
213
2
1
0
1166
5
3
2
75
27
5
5
58
1
8
4
142
6
2
1
2
3
2
158
142
18
15
7
4
0
3
6
49
40
33
2
23
3
2
2
20
40
37
1
18
22
0
3
1
1578
7
22
46
15
1
14
4
2
1
1
200
4
1
0
4
0
19
5
0
22
22
33
27
5
3
1
1
546
2
33
3
0
82
2
25
31
95
1
0
4
1
92
216
15
58
4
3
17
20
4
5
1
71
24
0
3
3
2
5
0
39
5
3
3
35
4
1
24
23
79
1
19
0
137
10
19
4
2
3
1
1
0
2
1
3
46
3
4
1
31
5
13
3
2
99
3
4
5
3
2
1
31
23
8
46
29
0
44
3
6
5
4
15
3
0
1
5
34
20
9
0
8
2
66
0
2
2
18
4
2
10
5
2
0
0
36
5
3
34
2
2894
5
0
0
5
22
12
4
3
1
0
2
2
2
9
1
230
4
50
3
1
42
15
1
26
0
7
47
40
3
57
3
0
5
2
78
4
34
4
107
5
0
1
5
2
1
18
29
9
11
10
107
24
3
2
3
4
3
1
2
1
51
5
4
36
58
163
2
142
18
5
6
91
3
3
4
7
119
5
11
1
49
34
1
34
21
497
5
1
5
0
20
5
2
3
2
127
71
90
2
16
26
0
312
52
4
1736
19
1
38
1000
17
12
10
49
3
27
0
1
2
5
1
0
4
1
95
3
2
63
7
34
3
56
0
1545
17
0
2
3
2
3
5
27
5
1
0
1
5
9
1
19
3
22
5
4
11
31
3
48
3
0
2
3
31
1
13
37
3
3
3
0
2
3
3
1
17
3
5
0
3
9
0
4
3
21
3046
124
17
3
97
27
5
13
30
5
2
28
91
12
2
7
17
95
10
2
125
0
3
26
16
0
0
2
5
52
0
16
132
0
34
5
3
265
2
24
14
4
4
1
534
3
0
6
2
0
1
0
4
4
8
1
1
3
2
150
0
51
5
5
29
10
644
3
0
2
1
124
31
3
367
205
44
5
4
2
20
2
5
45
5
2
51
14
37
4
1
0
5
45
60
3
15
234
0
5
9
69
9
27
1
39
0
20
2
60
41
2
4
41
11
2
0
3
4
28
5
3
5
16
1
28
1062
1
1
25
20
3
80
26
4
46
11
5
15
56
3
4
3
22
0
7
18
79
2
4
5
3
3
40
0
2
2
15
21
2
5
19
4
0
17
2
3
34
0
5
0
3
2
1
24
4
2
0
0
0
4
3
41
4
5
5
160
4
60
191
0
4
2
18
4
95
2
182
28
5
4
8
1
133
64
4
6
33
4
10
36
91
63
4
3
5
1
1
6
16
8
144
3
63
78
1
4
216
52
6
0
31
5
32
143
4
0
6
3
32
3
136
5
10
3
1
2
5
1
16
1
11
18
56
17
89
3
20
1
5
5
4
50
1
8
1
29
51
0
0
1
4
0
0
50
44
0
522
1273
35
15
174
25
48
49
15
5
14
1
1
1
0
2
5
1
2
0
17
5
113
1
3407
412
1
2
4
5
61
49
18
26
226
1
6
5
3
34
54
1
27
1
7
5
33
0
5
5
1
21
2
32
28
0
2
2
25
30
5
3
2
0
5
19
20
34
1
3
54
5
152
0
35
1
1
57
1
22
1
17
2
4
1
33
7
2
5
0
16
5
2
3
80
7
4
17
0
161
25
5
4
2
24173
23
5
0
0
12
14
4
12
4
1
45
1
30
123
4
0
0
9
5
3
3
61
23
128
19
33
34
22
52
2
1
24
115
32
2
262
195
0
5
4
0
37
8
2
10
4
5
5
3
3
1
82
5
2
5
8
3
2
247
23
33
2
5
41
1
12
2
63
5
65
55
56
5
4
8
19
1
4
3
1
2
29
3
1
31
1
30
5
3592
2
21
41
4
18
61
1
0
3
29
93
3
5
2
28
21
5
16
31
42
3
1
1
2
5
5
16
48
6
33
192
5
82
17
1
3
1
61
80
15
2
3
1
26
19
2
3
4
30
3
3
74
3
13
4
10
1
5
0
4
1
0
27
19
1
1
5
23
29
139
3
6
1
33
125
2
1
2
0
22
13
46
321
26
2
1
3
28
36
0
53
0
45
2
12
13
46
47
3
1
2
2
2
1
12
1040
0
15
9
50
3
3
10
0
12
64
33
79
1
1
1
40
23
1
121
0
0
1
0
5
6
5
4
3
3
0
1
136
4
70
54
2
45
0
31
3
3
15
10
77
17
22
2
4
34
5
67
0
56
117
3
2
0
33
4
4
0
24
0
9
1528
0
2
2
2
0
18
0
4
0
2
1
28
4
0
19
3
4
144
2
5
15
47
0
1
31
4
5
6
33
5
1948
137
1
5
6
5
5
0
42
1
19
3
2
6
4
3
2
4
1
4
2
25
3
3
26
2
3
14
4
10
11
21
1
6
22
1
0
273
5
0
66
3
4
20
48
5
0
2
1
17
3
28
2
77
5
5
91
116
4
2
11
1
3
20
3
2
4
446
9
4
6
5
3
70
5
1
6
2
2
4
11
4
0
5
4
127
1
22
41
48
1
0
4
5
1
42
5
5
2
17
0
3
28
4
66
2
2
13
4
32
0
62
17
62
532
1
32
3
46
28
3
32
2
182
213
3
5
19
3
16
137
0
1
65
1
1
32
13
6
3
4
0
1
4
5
54
5
4
1
3
441
1
31
18
25
11
3
2
1
1
1
80
1
0
3
2
2
71
5
138
75
4
28
186
3
14
2
3
3
3
139
23
8
2
30
43
108
25
4
50
61
4
1
127
2
1
1
0
23
133
6
6
4
1
1
4
3096
3
32
2
3
5
3
0
0
0
15
4
0
34
13
3
11
17
13
16
5
1
36
13
0
2
2
3
96
0
0
1
5
2
18
4
4
19
2
5
2
2
528
4
1
3
9
63
43
33
15
169
18
0
4
6
4
4
247
5
1
88
3
5
15
2
15
68
16
31
30
4
1
3
20
8
3
1
206
498
72
1
5
27
82
13
1
34
0
16
146
137
4
23
53
3
23
5
2
1
6
3
4
42
82
29
2
83
2
23
1
89
2
4
10
22
2
400
62
3
0
220
34
7
4
3
4
61
5
24
0
5
3
1
25
3
3
0
16
14
4
11
16
3
4
1
3
552
31
1
2
3
491
28
9
85
1
5
2
2
8309
33
1
4
0
1
3
15
9
0
25
4
16
20
2392
59
3
27
25
150
3
2
1
4
5
161
38
15
1
0
3
6
2
5
0
15
2
4
5
15
30
64
4
2
12
2
29
2
14
14
1
3
65
3
10
38
1
2
5
2
3
1108
137
0
4
4
3
3
2
5
29
1
130
4
23
3
3
30
10
25
4
2
31
3
103
6
265
4
18
160
20
49
2
1
32
29
2
31
5
1
3
5034
2
5
88
5
25
4
74
35
92
162
1
1110
9
193
101
2
83
4
309
20
1
0
60
21
52
93
16
21
5
1
73
2
2
39
2
5
3
3
28
9
3
25
0
32
84
3
3
32
4
3
11
43
5
4
1
7
4
0
31
8
53
23
63
220
0
0
3
5
2
4
60
4
1265
1
3
0
140
119
3
14
3
16
23
3
11503
0
0
33
9
25
5
55
3
13
3
3
23
23
28
3
61
5
15
8
85
41
4
3
5
5
1
1
15
0
1
4
24
3
165
13
8
17
19
1
12
34
3
3
1
1
17
0
10
3
16
3
1
28
5
2
0
0
6
2
3
49
3
9
128
13
4
28
238
45
1
0
4
38
0
12
27
90
5
33
14
0
1
0
28
7
2
3
4
14
0
7
5
5
2
13
4
27
2
1
28
67
15
86
1
3
0
1
3
128
2
5
3
25
8
17
4
4
30
7
0
122
13
367
15
13
5
27
15
3
1
14
0
3
3
3
11
33
5
1
5
3
15
2
63
3
39
2
5
20
0
0
4
5
5
10
35
0
3
578
2
31
26
2
2
13
2
2
49
5
4
35
177
43
0
156
2
674
13
1
2
5
4
18
45
98
44
23
71
4
2
1
25
1
5
0
1
4
4
9
91
0
4
20
31
3
0
2
1
4
3
3
39
1
69
5
93
3
0
1
26
3
66
145
3
40
127
157
7
4
23
1215
12
0
3
21
17
7
3
82
12
48
0
9
3
1
132
56
4
1
0
97
4
19
2
4
29
105
28
54
10
5
3
1
1
97
45
0
43
2
14
62
46
71
2
0
17
128
3
14
3
24
146
0
2
5
3
0
5
5
28
0
31
87
5
0
1
25
2
10
5
1
10
2
7
1
0
1
0
1
1608
194
48
31
145
13
2
4
3
33
23
1
32
33
5
1
28
1
59
38
0
58
1
3
127
3
5
3
56
2
25
2
63
17
2
69
158
3
16
7
13
20
81
9
410
29
24
4
92
14
154
4
5
18
6
4
22
14
1
5
32
3
2700
58
3
1
2
19
5
5
4
3
6
21
45
0
0
4
12
0
0
14
2
7
5
33
1
42
2
17
21
119
4
26
2
35
4
4
37
14
5
14
33
192
6
12
1
1
140
0
0
0
4
5
49
29
0
17
2
3
2
6
12
53
27
2
2
220
97
4
1
50
88
1
207
55
0
222
18
13
12
1
1
2
5
509
1
13
3
5
2
5
15
5
1
28
1080
14
9
4
0
21
0
1
1
11
1
2
1
194
74
57
16
5
20
4
3
1
4
69
3
69
0
4
2
4
1414
22
33
34
3
4
4
38
1
7
27
5
1
3
11
14
380
1
3
7
33
1
1
16
4
38
2
7
7
8
2
22
22
82
38
0
5
3
3
3
0
5
4
91
7
67
0
2
262
70
0
31
0
1
41
0
13
30
98
34
5
24
1
4
0
24
1
7
1
117
3
32
3
5
4
0
4
24
45
1
21
4
6
81
0
2
1
3
108
47
4
1
2
36
28
23
23
33
20
1
42
21
3
31
2
4
235
48
0
1
5
61
57
0
31
1
91
0
3
0
34
34
94
139
3
2
2
2
55
8
3
113
4
28
25
20
5
4
4
5
1
3
7
4
31
15
4
7
3
0
64
2
20
4
3
3
3
1
0
1
84
0
1
57
2
92
1
8
2
6
1
5
6
5
40
195
40
29
61
3
56
40
39
14
18
0
5
4
8
51
12
4
8
1
49
60
5
32
53
1
3
4
34
42
28
44
0
2
1
2
30
26
131
4053
19
1
4
5
4
13435
12
4
45
4
16
4
9
0
115
28
43
4
0
4
0
49
2
30
4
5
0
8
8
12
137
45
55
6
0
0
1
3
2
0
9
4
3
33
2
2
10
14
5
2
37
1
188
4
0
1
4
71
2
2
1
4
62
4
13
26
3
11
2
7
98
29
4
21
55
2
3
18
0
0
2
4
4
27
5
3
25
0
10
0
21
2
1
0
5
19
26
14
6
14
5
77
14
36
2
13
12
1
2
18
19
3
5
107
1
3
1
23
2
139
4
10
0
2
1
1
3
45
20
67
52
4
2
6
33
4
39
3
13
3
1
1
12
53
22
2
39
13
2
1
129
9
11
7
3
33
0
0
74
0
25
4
2
4
3
12
5
57
2
4
9
38
5
0
33
3
2
3
49
4
2
3
0
23
116
0
4
32
46
0
1063
9
3
8
797
1
2
0
3
15
3
2
561
70
46
3
58
9
17
3
67
2
4
5
3
5
4
54
6
3
37
11
9
39
90
30
0
4
55
23
2
31
9
7
5
5
0
2
5
0
88
29
3
2
11
5
5
2
19
126
8
2
1
147
33
0
58
1
8
32
4
9
0
76
138
0
4
48
1
3
4
4
19
5
69
4
5
25
34
40
24
43
1
21
17
4
3
0
63
2
1
6
41
1
1
159
17
6
3
0
0
2
16
32
2
9
4
3
27
5
59
27
266
4
10
2
5
4
11
3
1
1
24
15
4
186
67
108
1
5
27
56
4
28
1
41
5
32
2
0
20
4
9
6
3
2
3
0
25
4
4
1
5
48
10
3
3
77
83
10
3
5
47
1
5
2
335
1424
0
4
49
36
15
299
1
0
1
2
0
4
2
11
4
35
0
54
32
1
8
4237
3
4
2
5
10
16
117
5
83
5
13
2
1
100
53
56
24
5
33
5
20
3034
2
4
5
2
0
0
4
2
1
85
2
512
181
14
15
3
0
29
4
34
0
69
1
5
5
21
23
5
5
3
24
3
57
4
2
5
50
22
49
4
0
399
61
26
32
22
2
1
71
5
5
2
8
1
76
2
1
5
5
18
5
4
13
5
31
15
55
44
4
1
4
56
3
144
5
29
3
44
4
1
1
1
11
680
7
55
3
5
9
35
21
5
1
4
0
5
3
1
5
0
5
1
68
9
10
60
3
1
9
207
523
247
2
9
427
28
4
2
10
5
4
1364
16
4
13
2
50
44
2
33
3
4
60
5
7
1
1
25
12
43
3
58
54
14
5
19
17
3
6
24
26
1
20
0
1
27
1
420
3
5
7115
3
306
31
43
22
11
21
30
20
2
0
2
15
7
3
2
93
319
1
3
88
0
37
23
0
4
18
1
4
75
0
3
2
0
22
5
19
54
4413
46
5
1
1
23
0
22
1
40
0
134
20
1
56
10
1
0
0
0
2
1
103
13
23
3
62
2
5
4
3
5
44
27
67
3
549
18
84
0
3
4
49
9
4
5
1
1
1
23
131
0
78
5
133
30
0
20
2
2
0
33
2
38
53
4
4
1
30
4
140
11
48
29
1
26
14
5
79
4
4
5
135
31
0
4
172
42
1
17
393
3
5
0
30
15
3
51
5
21
1
39
23
3
4
5
63
1
2
1
2
32
4
231
5
33
8
27
19
3
14
8
24
5
1
11
268
2
33
210
0
4
9
2
2
5
4
5
42
3
26
32
1
0
2
45
24
321
63
0
0
17
16
13
14
0
2
1
21
1
0
2
0
2
1
27
4
1
1
3
3
4
38
39
1
47
17
4
0
1
5
4
3
21
141
3
5
39
2
20
7
8
1
41
0
116
5
25
2
28
8
27
22
0
31
0
3
2
2
16
31
28
2
1021
27
170
86
27
5
1
2
1
1
2
4071
53
244
0
2
28
0
5
43
1
1
4
5
4
1
58
3
1
3
47
14
2
6
33
1
4
6
1829
2
72
29
2
1217
107
87
19
5
4
1
29
28
5
4
0
95
4
3
23
143
13
4
86
2
18
11
2
43
58
34
20
4
127
24
4
9
0
2
0
19
4
3
60
1
22
24
4
175
30
5
0
1
9
3
20
6
1974
0
70
66
4
1
19
5
2
109
2
0
3
4
14
2
14
4
3
14
3
8
1
4
20
4
97
22
2
3
3
272
3
1
33
27
27
9
26
31
16
1
5
3
14
5
3
4
16
36
5
122
15
111
32
5
14
77
125
3
4
1
2
49
0
1
0
142
3
28
5
5
13
2
3
1
9
9
5
3
2
2
101
2
1
2
182
4
49
1
5
0
1
1
4
1
2
52
1
0
4
66
0
0
0
29
4
16
5
2
2
5
5
15
107
4
66
29
47
4
57
2
3
2
0
1
20
251
31
24793
3
34
43
4
10
37
3
2
3
8
0
650
24
5
3
146
2645
0
16
5
4
3
32
1
0
32
4
30
173
31
58
78
14
5
1
5
1
0
29
5
1
4
330
20
45
28
3
31
4
27
39
120
63
15
4
0
5
15
2
25
5
1
39
0
5
29
2
188
0
47
46
106
0
406
14
53
823
24
230
14
3
33
19
0
4
23
93
0
125
3
42
3
7
23
46
25
7
12
15
2
12
12
5
1
52
0
3
5
24
0
4
4
16
5
0
3
3
1
3
23
20
19
3
11
26
87
0
21
8
2
49
741
5
0
65
3
5
9
44
5
57
63
206
5
24
0
142
3
4
5
36
5
49
21
31
3
2
4
16
3
24
21
352
1
48
3
2
5
5
13
4
3
2
5
3
2
1
4
1
2
2
1
4
35
0
270
7
8
2
158
13
1
89
0
122
19
3
3
27
33
34
2
5
0
4
24
5
1
2
10
14
1
74
23
1
26
1
91
4
5
3
14
5
3
14
5
66
3
5
13
0
14
1
13
1
231
211
18
3
5
11
5
8
0
33
34
5
3
4
2
0
2
4
1
4
2
1
4
4
1
5
85
4
33
29
1
25
5
2
11
3
56
15
1
4
2
1
29
5
54
45
0
3
58
71
123
5
0
4
5
3
8
0
5
0
4
3
28
104
1
166
39
3
3
19
189
69
33
0
14
3449
5
1
111
4
19
3
4
4
2
5
5
930
869
20
30
22
150
0
29
5
10
13
3
4
14
3
350
13
48
5
17
2
4
1
2
1
4
0
4
1
143
0
64
176
2
1
5
3
10
7
496
17
3
23
0
3
12
27
6
1
3
9
2
141
41
0
49
1
29
0
1
79
4
13
1
11
573
0
99
3
131
52
23
84
13
5
18
1
13
32
70
18
26
2
17
80
4
147
3
1
25
23
13
161
31
14
4
3
20
3
4
0
3
114
3
5
2
13
0
19
230
0
41
1
22
499
4
5
144
23
20
1
27
4
1
39
40
3
3
4
15
3
3
47
45
153
38
4
0
3
2
0
26
7
1
28
16
5
55
4
5
20
4
1
42
0
2
4
2
35
36
4
63
7
0
2
23
1
30
3
53
3
5
20
16
8
21
161
0
5
5
74
9
15
1
134
14
5
7
3
3
0
257
4
27
3
42
4
109
5
2
39
62
23
3
2
0
7
4
2
51
34
6
0
3
31
0
15
4
0
16
0
19
1
4
25
5
4
4
1
94
3
37
48
5
2
3
2
2
2
2
1
39
4
232
21
51
4
13
25
4
0
2
3
3
24
4
30
27
3
4
3
84
44
1
5
4
2
5
111
1057
115
3
1139
1
26
4
2
1
15
17
24
2
0
3
21
1
5
1
4
2
48
0
1
1
25
3
36
69
60
1486
145
4
2
28
5
20
23
38
0
21
0
5
493
2
22
1
3
1
49
71
44
68
5
61
26
10
1
4
1
4
12
15
1
2
1
1
5
3
3
0
13
2
1
31
4
4
8
2
0
3
30
48
5230
2
11
12
54
6
5
5
3
2
102
11
2
47
0
41
1
2
1
4
3
1
20
0
1
2
0
25
25
4
3
15
6
4
28
5
17
1
67
4
12
40
28
33
22
17
27
11
3
0
653
1
49
16
2
4
8
5
93
4
5
16
12
27
5
3
2
49
1
4
82
48
10
5
1
2
2
2
32
0
4
150
5
0
35
35
44
3
4
3
25
2
10
3
4
18
3
1106
15
124
10
3
67
0
17
0
80
4
16
4
0
40
92
28
3
5
0
2
28
1
1
3
2
4
3
4
0
5
31
20
5
7
1
18
1
19
1
1
5
53
16
40
40
56
5
9
24
2
2
168
50
0
9
21
0
20
18
19
599
0
133
11
5
0
48
4
1
10
16
0
63
1
5
2
38
3
29
79
3
79
26
2
1
5
0
18
3
10
1
23
31
4
1
0
2
1
2
5
4
1
49
33
22
3
4
137
0
78
5
3
4
9
2
0
1
111
95
1
0
3
2
24
18
4
4
79
16
3
3
3
52
3
3
2
2
1
4
1
3
9
1
14
255
37
4
1
10
2
0
3
23
2
26
3
1
5
1
81
13
20
2
3
111
1
46
0
266
3
32
34
2
1
4
2
1
1
2
1
13
21
31
22
16
9
139
0
11
5
17
3
0
46
15
1
3
61
4
4
0
1
5
5
3
2
1
122
30
15
0
0
145
10
27
99
10
14
32
1
2
27
104
0
0
5
4
40
26
106
33
3
4
1
1
0
26
3
5
4
6168
13695
3
1
63
55
10
4
63
2
3
4
4
5
1
1443
2
36
2
33
9
1
3
1
1
1
20
16
0
54
14
1
4
5
38
30
17
3
995
52
78
0
9
5
5
24
97
6
45
4
2
26
14
0
1
1
17
1
3
2
0
2
2
1
107
3
42
26
2
208
34
10
5
41
4
2
60
3
19
5
27
3
238
14
1
2
0
56
24
49
6
1
2
4
48
21
133
31
2
11
0
30
17
28
2
32
133
5
2
11
60
35
7
2
5
5
19
42
0
2
4
18
0
3
0
4
0
3
97
16
3
8
2
3
61
0
3
2
2
0
3
0
16
1
87
10
3
3
4
13
3
122
51
23
32
33
5
30
3
0
2
4
17
45
3
5
0
2
45
3
143
23
2
5
1
27
1
28
1
2
4
91
5
1
17
0
8
34
6
9
2
48
13
342
124
26
3
103
4
3
1
5
1
2
1
2
47
743
142
29
11
36
19
2
26
18
80
4
3
1
4
191
11
15
33
4
3
0
7
83
33
0
4
40
5
2
20
2
2
17
59
20
1
20
1
1
0
9
1
5
24
0
2
5
2
13
1
14
4
0
1
15
5
226
5
0
9
3
32
5
4
30
6
2
5
20
1
2
2
12
2
21
9
3
80
27
541
29
2
4
22
1
7
51
112
55
2
1
10
20
0
9
5
107
0
24
3
2
3
10
2
2
5
4
92
5
206
4
3
57
3
73
149
56
4
35
139
16
5
32
8
1
132
4
43
11
1
2
2
477
3
5
79
2
16
11
0
5
20
98
0
25
5
1
12
3
5
46
122
9
8
27
4
5
17
4
45
0
2
1
2
49
0
0
3
24
0
5
15
636
2
9
5
5
1
15
0
0
2
2
42
48
48
0
40
146
14
38
1
0
4
2
34
3
149
0
2
0
124
0
1
49
5
3
55
0
21
6
4
65
8
1
3
7
5
28
0
4
443
75
2
1
1
0
2
127
19
130
18
1
7
4
3
31
1
0
2
2880
30
2
1
0
0
0
16
38
27
179
24
2
0
134
4
21
3
56
1
27
177
25
5
1
3
99
8
4
1
1
79
4
0
15
198
0
5
0
38
9
119
4
105
16
4
3
2
11
65
9
13
5
18
3
0
60
4
1
0
32
58
5
13
5
31
4
48
0
2
4
145
19
1
4
2
4
55
1
185
4
1
0
0
95
53
170
15
0
84
4
2
1
1066
4
17
4
4
4
14
48
0
566
0
24
0
604
29
0
34
24
1
4
3
20
21
7
1
18
189
453
21
4
3
17
1
55
66
25
2
34
3
38
0
69
2
2
4
5
1
8
21
0
2
138
645
2
64
4
2
2
1
4
6
4
3
4
34
9
9
2
2
277
60
2
1
2
85
4
4
3
41
0
4
12
11
3
20
26
24
1
4
93
91
85
2
2050
0
60
2
4
5
51
2
4
24
11
48
3
4
1
3
2
5
4
3
1
19
5
1
1
95
48
32
355
0
1
4
4
80
23
2
2
30
3
0
4
9
5
4
29
18
3
3
18
5
0
21
4
15
86
137
3
15
12
3
77758
7
122
5
1
44
52
7
23
3
1
1
137
1
8
2
25
0
1
9
4
1
25
48
1
1
10
2
16
401
12
15
2
3
2
1
43
1
0
1
22
20
31
6
47
80
4
29
5
11
2
51
5
19
16
3
51
30
4
4
65
24
5
20
28
78
5
2
0
5
80
2
10
34
71
1
32
5
92
81
131
32
5
216
3
4
124
5
44
0
205
37
4
1
1
4
5
0
1
24
2
59
20
94
5
13
1
89
3
0
7
2
19
0
5
4
24
13
155
132
34
4
23
14
5
48
23
4
2
5
26
109
64
3
2
2
13
1
28
94
5
14
7
4
1
4
0
1
3
3
33
8
4
48
7
51
51
1
64
2
3
0
95
2
20
3
46
3
20
66
1
2
203
4
5
0
5
2
3
16
0
4
94
3
5
5
1
3
0
0
5
0
1
3
9
18
2
28
1
42
4
0
62
8
1
66
0
27
59
9
2
5
14
0
3
2
17
2
5
0
7
0
3
8
43
142
2
0
0
37
3
85
1
22
4
31
67
2
1
4
0
28
261
4
3
2
5
86
5
14
0
13
2
47
51
54
3
6
17
37
4
3
4
14
58
3
3
9
57
0
53
12
4
54
33
34
3
3
2
4
14
2399
0
0
22
0
3
88
13
19
32
4
558
2
3
70
0
3537
2
2
3
91
7
5
17
2
16
5
3
11
45
2
5
18
101
3
0
5
22
2130
2
5
1
24
38
0
56
1
51
16
5
32
2
0
30
3
6
1
2
2
18
29
1
5
20
4
74
2
5
2
2
28
8
30
9
1
3
7
0
34
2
19
451
3
16
110
6
7
14
1
1
1
4
23
2
26
56
30
2
1
31
4
1
5
40
9
47
108
4
4
13
13
4
25
5
4
1741
3
1
2
6
2
3
0
1
4
5
5
4
7
5
1
20
1
53
59
8
7
28
4
133
70
3
247
73
27
1
5
21
0
46
4
42
133
18
224
0
0
1
5
5
2
2
3
27
1
116
8
0
4
54
4
5
16
44
25
21
22
3
5
71
0
3
11
129
2
43
95
4
31
2
1
20
5
0
50
4
4
3
4
0
16
1
1
0
3
3
21
10
2
61
327
12
2
24
2
0
3
0
27
8
0
191
3
4
3
2
5
7
3
1
1
49
5
2
31
0
61
4
4
4
2
1
1
3
3
1
5
0
99
3
92
4
14
3
55
18
9
2
5
18
3
1
79
84
63
1
2
32
4
2
537
10
374
694
42
7
4
32
1
13
2
4
5
1
3
2
33
37
2
0
5
64
262
20
16
53
32
4
2
47
244
4
52
0
0
12
5
55
3
51
4
6
43
10
7
9
5
5
2
0
74
5
0
2
20
4
3
1
3
2
4
3
5
47
3
5
4
4
60
30
76
4
45
15
2
20
0
0
10
1
37
44
5
1
1802
3
31
55
24
7
25
30
6
19
764
23
22
32
2
6
61
0
174
1
30
1
888
1
241
65
125
291
1
3
5
1
14
6
32
48
0
29
0
10
13
1475
4
24
3
201
1
6
5
6
6
2
2
8
4
72
225
28
10
21
24
24
29
4
17
1
0
27
0
14
1
1
0
4
36
85
47
5
1
20
2
3
10
1
5
34
11
32
5
0
6
54
0
5
194
3
18
281
9
5
13
22
4
3
11
5
15
117
4
1
1
248
0
208
31
6
5
19
1
2
1
12
2
3
12
16
2
1
120
2
7
163
15
2
204
35
3
4
41
5
6
8
3
15
3
0
5
24
11
6
23
1
160
54
3
1
6
124
26
6
5
9
24
5
6
1
1
154
19
108
3
86
6
2
13
4
0
30
1
9
1
3
3
4
1590
127
152
3823
49
4
1
276
0
13
6
7
18
0
7
19
4
12
5
22
26
5
6
28
2
4
27
200
2
62
2
67
6
27
6
3
8
711
2
17
126
4
0
2
5
5
1
145
29
74
1
18
29
40
5
2
41
53
4
3
46
53
8
51
5
21
11
34
27
20
2
4
187
90
16
4
4
11
3
4
3
659
3
18
29
380
6
2
1
25
5
355
21
5
221
24
3
21
55
2
34
16
17
93
35
5
2
46
325
3
12
4095
82
4
15
103
5
32
133
29
1
4
5
4
21
8
29
93
2
6
19
6
58
3
0
26
9
5
0
2
4
55
35
2
13
0
19
87
6
3085
2
1
25
196
23
2
12
221
0
118
2
6
0
7
0
6
29
297
7024
1
23
55
13
3
6
4
2
100
17
89
4
207
3
60
22
23
31
196
59
24
1
22
9
0
6
0
5
19
37
1
9
5
32
1
1
161
105
6
31
1
1
11
409
1
29
0
25
53
4
112
25
0
27
12
21
14
2
5
6
8
34
2
1
4
22
0
6
45
17
1
1
46
5
6
6
62
91
3
159
6
34
4
29
1
5
1
13
26
4
4
6
1
18
18
14
33
23
1
26
34
5
542
6
56
5
1
22
0
18
11
78
8
19
22
581
2
6
10
60
2
28
79
2
6
29
0
9
0
24
2
2
6
20
6
2
1
24
8
139
4
151
12
2
0
25
12
27
4
2
10
183
100
13
18
2
12
13
27
1
10
39
2
3
6
26
4
2
3
29
3
786
154
6
6
7
3
3
35
23
24
0
3
6
31
22
50
0
26
8
6
27
130
13
0
25
4
5
4
4
28
58
24
31
56
4
20
2
22
21
26
4
0
6
5
17
39
4
1
3
3
48
15
6
192
12
19
40
3
26
3
52
22
57
5
145
23
6
3
24
13
6
5
9213
4
8
23
0
3
6
18
18
3
26
1
6
0
453
84
0
4
9
27
3
75
191
4
0
127
4
0
19
2
138
27
3
38
6
11
14
5
22
23
9
121
6
6
27
2
31
4
31
21
26
5
3
6
9
2
10
0
5
31
32
98
3
4
33
3
57
27
55
1
0
4
6
3
64
1663
3
1
15
2
32
5
32
13
40
16
9
6
10
4
522
4
19
3
21
1
6
8
5
0
56
3
6
15
3
2
1308
203
0
19
8
1
0
28
1
3743
313
4
76
8
1059
51
1
81
3
29
6
54
109
6
0
2
24
32
33
13
0
5
0
25
7
4
5
2
4
15
5
10
258
43
92
30
1
6
9
3
4
5
37
6
2
5
27
28
6
0
176
1
4
47
23
18
5
43
153
18
21
12
1
6
160
25
8
5
4
2
25
0
8
18
3
22
25
1553
2
6
1
0
547
21
298
25
106
0
3
235
6
243
8
25
5
48
3
40
32
5
3
0
1
4
594
1
0
15
3
18
61
12
62
2
6
24
4
65
1
25
1
2
3
5
31
86
217
3
0
2
4
6
0
2
91
18
325
2
24
6
30
0
37
3
3
29
65
87
4
15
6
5
258
8
3
21
20
42
5
14
3
26
3
5
334
16
4
0
5
2
13
0
9
32
0
23
1
5
0
2
6
3
4
87
58
2
61
3
27
22
202
20
19
1
3
30
3
30
0
5
740
1
30
16
8
55
3
4
28
5
28
2
4
25
27
6
73
1
0
77
15
14
4
27
4
28
31
2
2
4
8
2
22
1
20
0
1
22
1
13
30
49
5
187
1
4
1129
2
65
4
5
27
20
19
18
1
1
2
2
20
32
471
19
0
1
69
5
64
4
2
0
7
6
4
23
6
2
7
7
6
18
11
108
233
3
18
29
3
2
237
64
3
48
2
2
267
6
194
0
2
5
0
0
125
6
1
1
31
49
6
6
0
32
45
18
25
50
32
23
6
137
1
10
24
4
28
4
29
5
3
26
13
6
0
0
0
3
15
2
2
7
1
6
4
276
1
75
15
3
5
1
15
28
3
42
17
3
22
3
3
1
1
4
14
2
6
4
6
0
2
0
34
131
3
32
294
7
2300
5
5
123
6
124
3
2
0
82
32
3
1
5
201
5
25
2
3
0
6
0
4
3
4
3
6
24
3
61
10
1
6
10
6
817
32
21
1
2
30
1
14
3
27
4
5
1
12
1
32
242
32
14
3
55
