2
0
1
5
2
0
0
1380
1380
683
1380
1491
0
126
3323
1491
1604
1604
126
1380
0
4483
0
1380
0
0
0
0
3270
834
0
0
0
0
0
0
348
874
0
0
214
0
138
0
874
0
0
0
0
563
0
0
0
0
563
0
138
0
1382
0
1382
1382
0
70
0
1382
0
0
0
0
0
0
0
326
0
4359
0
0
2885
0
0
622
429
853
0
167
0
1103
0
0
622
739
167
0
0
1103
0
3054
0
2650
0
0
0
1103
1103
0
0
0
3801
0
0
0
4565
0
0
4596
5428
0
343
1761
1761
0
2602
0
0
0
0
4462
0
0
914
361
914
0
0
6375
0
0
2822
956
0
0
361
0
0
0
0
0
6085
0
975
707
0
760
443
302
0
1266
1057
0
0
0
0
964
1775
932
0
0
314
0
900
932
0
1266
0
0
0
2996
421
0
0
0
421
2959
0
0
655
0
0
1475
3625
0
1199
0
0
1168
1475
1475
0
900
1591
0
0
0
1337
0
1814
0
1591
1225
1280
0
1280
0
0
396
0
0
1584
973
0
0
1225
0
0
2949
577
396
1450
28
1916
1281
655
0
0
0
28
2565
28
1943
1916
3555
889
0
2949
0
9119
2183
4439
3058
0
15
0
635
0
0
0
355
629
0
0
1149
2169
0
0
432
2811
0
355
0
1990
1990
0
962
0
52
720
0
559
0
0
0
2403
0
1160
0
0
112
0
3186
4359
0
0
52
2220
0
808
0
0
0
0
0
0
0
2527
808
1460
1145
0
1288
0
1135
0
355
0
444
0
0
0
4316
35
0
35
2591
0
0
1135
15
0
0
4316
0
1188
1145
0
1145
0
0
1178
0
0
0
3972
0
0
0
355
0
0
0
0
444
0
2708
0
0
0
4607
0
0
0
0
365
35
1160
0
1336
4607
0
0
0
0
0
0
28
0
856
0
0
0
0
2536
0
0
871
960
856
0
2536
856
0
0
900
0
0
28
0
0
0
0
0
1645
0
3864
986
128
0
0
0
0
0
0
871
141
0
0
0
0
579
0
0
1044
361
2553
0
0
2553
56
0
1340
0
844
3428
1044
0
7268
28
0
56
0
1153
834
3342
0
1238
113
0
28
0
0
0
0
0
28
0
0
8207
0
3054
1022
0
3444
0
8076
1738
0
0
2192
0
0
28
1025
0
0
0
0
0
1025
3444
0
0
0
0
0
6698
0
0
1102
452
0
0
1578
0
1760
0
816
867
2861
0
2861
6812
6178
0
0
1775
0
1102
4039
0
0
0
2438
0
0
0
0
0
0
4131
7634
1399
0
2707
0
1670
1688
919
0
0
91
927
0
91
206
518
0
304
0
0
0
0
1468
836
341
0
0
0
0
0
754
0
2491
0
0
633
0
0
601
0
2983
0
0
512
341
1529
206
0
743
1240
666
0
0
0
0
0
0
2491
0
0
1505
0
0
4854
0
779
0
0
465
1068
988
2220
0
0
341
754
1240
0
1505
1094
0
1068
3228
72
0
137
454
3181
0
743
454
0
261
0
2220
4317
0
2780
0
0
754
0
3234
0
1720
2712
0
3181
0
5517
2283
7191
0
0
0
341
6826
2947
0
0
0
633
465
0
0
0
0
0
0
0
1577
633
0
0
2283
3301
0
0
3828
3301
341
3828
3404
1094
2712
0
0
454
72
72
8921
0
0
3301
8221
891
3828
0
5268
0
0
1094
0
72
0
0
0
1073
0
0
0
0
1329
3039
475
1507
2283
2759
0
0
0
0
0
2759
0
0
532
821
819
539
143
0
2
0
403
167
0
1090
539
0
0
690
0
821
0
0
2
780
1267
0
0
0
0
0
0
1111
143
0
1090
0
1111
6
767
0
1198
0
403
167
131
953
1090
767
1080
322
1174
6
422
0
0
0
403
0
1080
2115
143
131
1107
0
0
0
0
0
1078
1111
0
3570
1436
767
0
2115
123
0
0
143
1869
0
15
0
3120
0
2339
3570
2115
1913
981
1111
0
2190
532
0
273
0
0
0
0
0
0
304
0
0
0
0
0
0
0
0
322
757
1982
0
8174
0
304
3786
143
2929
0
0
670
2354
3061
0
4942
1902
1773
2232
0
3045
0
1902
2172
0
0
780
0
0
600
0
0
5184
2994
0
1443
2375
0
2845
3479
0
1161
1563
0
1902
0
0
4651
0
0
689
3380
3761
0
6759
4789
0
1161
0
780
5783
0
0
3425
0
0
2113
0
5783
2
0
0
2354
0
0
0
5096
2375
4123
0
1773
1773
5918
0
13471
0
0
0
1056
856
776
0
45
45
870
0
496
0
1537
1024
0
0
0
0
1537
0
0
0
0
711
374
0
2291
0
121
0
0
0
0
0
0
425
711
0
0
285
121
0
1051
0
0
0
0
3271
0
562
1081
0
817
1135
0
0
0
0
0
0
0
0
1379
2543
1768
1191
0
1768
0
0
0
0
870
1573
0
0
1061
870
0
2613
1111
1191
0
0
867
0
3249
0
1997
0
0
870
0
1058
0
0
1020
0
0
2704
0
0
0
0
4223
1997
2613
0
0
0
0
0
809
2928
0
991
461
0
0
0
0
2635
3356
0
0
0
0
0
521
0
0
0
5383
1154
5263
976
0
0
895
2574
0
0
0
1903
895
0
3490
1997
0
1135
3731
3453
0
521
0
3731
0
0
0
0
4026
2272
0
1051
0
0
1003
3453
0
870
0
0
744
0
2432
0
2152
0
2432
0
1051
3305
0
8691
2702
0
3370
0
0
870
1340
0
1051
0
0
0
0
0
0
0
870
0
0
0
1220
5659
1837
2696
3453
1003
0
3662
5659
3370
2337
7732
1903
6343
744
0
0
1126
0
0
4721
1340
0
4153
0
0
9581
0
0
0
0
254
0
0
48
0
0
1593
0
0
0
527
0
0
48
560
537
0
1098
0
0
0
138
0
0
0
0
0
0
0
0
0
0
0
254
0
0
1337
1337
0
508
0
0
1188
0
0
0
527
0
3129
2515
0
1416
0
0
656
297
0
1099
1631
213
3690
514
1268
0
3295
0
0
213
1416
1657
0
3506
3252
606
1657
617
0
606
0
0
321
2243
0
5193
4259
3813
0
1385
0
0
2307
0
0
0
2312
0
0
0
1098
2587
3439
0
741
1741
4523
0
3908
0
6058
1604
5988
0
0
624
0
0
3908
0
1799
0
321
0
0
0
277
0
835
297
6334
0
617
0
8500
606
4617
0
0
280
84
0
0
2348
0
0
1126
0
1604
1528
0
2587
0
1126
8955
1483
0
4254
9071
0
670
8331
6183
3128
0
455
465
1528
1791
1255
8844
0
10932
280
0
0
0
1526
0
820
7649
0
0
0
0
0
0
0
0
2648
0
5836
0
0
277
0
5237
4385
0
3128
0
0
9423
9842
84
2348
3128
0
0
131
1398
3128
0
0
1958
4643
0
514
427
0
321
5836
0
9922
1041
2176
0
0
1584
1526
0
0
131
10090
9014
2348
0
0
0
0
0
2379
465
0
1829
0
0
8680
1041
5237
0
2379
12564
9195
0
0
0
0
1126
0
2348
427
820
1494
0
1158
748
2477
748
495
702
0
937
0
1494
99
2273
0
436
128
1455
282
19
0
2762
834
851
820
820
0
0
573
1722
444
0
712
4028
1090
0
420
436
436
0
0
1935
282
0
0
0
0
0
937
1989
0
0
202
0
0
0
1885
1500
4797
259
0
420
0
0
868
0
0
937
0
599
665
0
0
0
0
436
0
1192
0
0
3163
1722
0
0
2613
0
0
0
5595
12
3732
4107
0
438
1047
4718
0
1800
0
0
128
0
4718
0
0
1047
3499
0
0
0
0
0
7185
2613
0
599
0
0
1047
1047
4718
599
0
845
0
868
5595
0
2017
1800
1307
0
1307
0
0
193
0
1392
1487
0
0
0
0
5619
0
3499
1316
1931
2017
0
0
3530
2066
5766
0
0
0
0
2348
1954
0
5766
0
0
2232
9787
0
0
0
2066
4292
1898
1913
665
0
0
6441
0
1487
678
1192
425
0
0
0
0
0
2066
665
6440
0
0
2737
1487
0
5052
0
2737
7982
2348
0
3580
0
0
0
1898
58
0
665
58
0
7432
1510
2457
1087
1316
0
8478
1087
143
0
5393
0
2311
1553
0
2457
2019
0
3552
1510
434
1235
0
4189
0
2737
0
245
6614
0
0
0
1105
12008
4597
665
5770
5926
2428
5636
12008
0
4597
0
2311
1510
241
0
1015
2882
1510
6614
0
7373
0
0
6286
1631
0
0
1631
0
942
0
5636
0
3694
9240
0
5770
5926
0
0
0
0
0
0
377
0
0
530
0
464
782
258
361
1632
99
0
0
341
0
0
1412
361
1586
506
0
630
630
0
0
0
377
630
0
622
0
779
0
0
1228
341
0
98
618
630
630
0
0
0
309
506
0
0
633
912
2763
1128
804
99
0
910
0
0
940
341
3815
0
506
0
898
0
0
4183
0
912
0
341
1018
1018
2679
912
320
0
253
1840
253
98
253
1573
673
546
3546
361
0
1573
0
0
982
0
0
665
2155
0
0
3501
0
511
4828
1247
0
0
0
293
0
0
253
159
0
912
2712
0
898
1412
2601
600
2150
0
898
0
0
1931
0
402
1834
0
620
0
2155
0
99
0
0
2470
0
0
0
0
898
1451
898
738
0
0
0
0
0
2106
0
311
907
972
241
2041
1148
1412
1613
0
0
0
2155
0
738
1270
0
618
0
0
738
2799
2436
0
7144
0
907
2332
0
853
0
1793
0
853
4879
0
0
1454
0
518
4515
0
1646
1805
0
0
2610
1148
0
2605
0
0
0
1538
0
1805
3874
1630
0
0
0
8160
868
1613
0
3512
0
1442
0
0
1798
2641
618
0
804
0
2799
2641
2420
2470
402
3401
0
0
0
1464
6162
2746
2442
0
0
4340
0
0
0
2020
0
0
2811
2746
5067
2811
2811
0
0
3831
0
2746
2337
11387
10259
3135
6162
0
0
1148
0
6859
0
6004
0
0
0
5283
9414
2389
0
11108
184
0
4736
2625
561
0
2869
0
4507
1637
6693
0
4507
2
739
0
303
0
628
0
0
340
0
1105
1847
0
0
434
347
0
0
0
343
0
0
0
303
462
299
0
434
1359
548
0
0
724
462
0
1105
3478
592
434
907
0
0
0
0
1719
0
0
592
885
1527
0
0
303
0
2
0
0
0
161
0
0
0
0
0
708
99
462
3166
0
0
1719
0
0
941
0
1510
1510
0
1400
0
0
0
99
1491
721
1719
1719
0
303
0
1816
0
960
0
548
303
3370
0
347
0
299
721
1667
0
0
0
1718
347
0
0
0
474
2317
0
0
907
669
1851
0
0
0
0
0
1324
0
0
13
0
1851
5301
0
334
2200
0
2264
3227
2524
831
154
2027
0
0
1611
138
0
0
2481
1226
273
548
2200
2592
1463
2390
273
0
273
2657
190
0
0
3371
2592
2306
0
0
1835
0
0
0
1634
4235
1775
0
1760
925
4990
3235
3386
0
0
347
3333
3941
138
3931
2911
0
672
462
0
0
0
0
0
0
0
1272
0
0
0
2481
2839
154
1230
1611
672
0
0
1252
0
0
0
0
0
0
6111
1720
3915
0
0
8554
0
1838
0
2481
1349
0
3960
0
0
0
1720
2126
0
2402
0
1252
0
1272
1838
5655
0
4820
0
11395
4116
0
477
711
0
0
0
1760
0
0
1694
0
0
1611
0
2139
1474
0
0
347
0
5940
0
0
0
2814
3963
0
476
3734
5496
2892
672
1048
1349
0
0
1474
0
555
4820
0
0
0
1207
476
0
0
2087
0
5198
7046
0
0
555
0
0
0
5940
1207
5940
1611
0
7290
0
0
3198
0
0
0
0
3117
7891
0
6013
0
0
0
4820
2683
449
0
139
81
0
661
125
0
0
530
0
967
0
984
0
24
752
449
0
0
0
125
743
461
125
362
24
1548
752
401
0
527
649
1548
752
0
0
1330
0
1796
649
0
461
0
752
0
535
1690
0
2807
1265
0
2831
0
0
2051
0
4891
0
0
0
598
392
0
976
1967
1596
0
0
0
0
0
798
0
786
131
58
0
1330
886
546
0
0
0
0
0
1004
0
457
109
1739
0
0
0
0
0
0
3601
0
1967
0
0
0
109
0
1822
1644
3090
806
0
1689
0
0
0
4582
0
0
131
0
131
488
1567
0
0
0
0
0
401
0
0
0
0
0
3035
0
1689
5974
598
0
247
3837
457
0
0
3822
3453
0
0
90
0
0
247
0
1022
1783
0
401
0
0
1399
0
0
0
598
0
0
3302
0
0
0
3302
903
0
26
812
198
0
0
0
0
0
0
0
0
0
3265
312
0
8442
90
0
0
1547
0
0
0
2453
1607
722
1547
735
0
0
1579
449
7265
0
2563
527
0
0
0
0
1607
2563
0
5332
0
0
3927
0
0
0
0
0
0
3418
0
0
2951
0
922
922
3901
2472
4121
3549
2857
2472
4137
5881
0
10372
0
925
4469
0
903
0
0
0
449
0
0
3901
0
1303
1359
0
2158
2910
0
5083
0
1359
8972
0
0
0
4847
768
0
0
4137
4555
1689
0
0
4335
0
0
2093
0
956
0
0
0
3470
0
0
6827
0
0
2857
4130
0
131
0
4418
0
58
3129
0
0
0
7578
0
3268
0
492
1547
0
0
247
0
0
0
0
0
13209
0
0
0
0
5708
0
0
0
0
0
0
2592
2880
3712
12990
598
0
3754
3247
0
0
0
0
0
0
5382
0
0
2173
0
0
3270
0
2880
0
1479
964
0
481
0
0
0
0
795
0
408
481
0
0
695
1180
956
543
8
0
0
374
374
2800
0
973
611
0
88
619
0
0
1947
543
0
0
554
94
1180
0
0
481
543
1347
2544
0
3330
451
2108
1155
90
0
1190
0
0
0
0
543
0
0
0
0
0
710
638
0
0
0
0
483
1352
216
0
383
930
0
3330
0
1300
0
0
2714
2108
0
0
0
1564
324
0
1443
4631
1452
0
1113
0
0
541
543
1609
1300
3809
0
0
602
0
0
0
0
0
0
1155
0
0
0
0
0
375
481
0
0
451
0
4450
3511
0
314
94
0
0
0
0
1155
0
1454
1443
2028
3846
0
872
882
0
882
0
2232
0
0
0
0
0
1677
2103
4264
678
543
0
1564
882
1425
0
0
2590
66
0
0
0
0
0
1344
1222
4345
172
1454
0
0
0
0
5044
1181
216
374
0
216
470
2373
0
0
5449
0
0
873
0
873
0
8
1525
1525
172
0
0
0
4685
0
6127
0
270
4685
501
1531
0
1344
1672
0
0
0
4560
0
0
0
0
2373
1077
183
0
0
0
0
543
3227
2559
0
5971
6099
377
1425
0
0
2054
1767
1443
0
3388
0
5024
0
0
0
7277
0
2229
0
270
0
0
1563
0
1438
0
0
0
1767
2813
2813
0
0
543
2099
0
0
0
0
2229
0
0
0
0
5871
0
2066
0
2223
0
0
0
183
873
183
0
2066
216
0
0
6742
0
0
5255
0
1406
0
0
1563
216
1896
0
2001
685
0
4365
0
0
0
0
2453
0
6164
0
0
0
0
0
451
0
1105
0
501
0
0
5721
0
2608
1674
0
0
0
0
4345
1438
5811
0
216
6018
3077
0
0
0
852
0
0
7243
0
3388
873
0
0
3077
0
0
5663
1836
1674
0
0
2001
3388
1105
5809
350
90
501
5663
8668
0
7798
0
0
0
0
6811
216
0
0
7426
0
0
70
0
0
0
787
8
0
0
438
959
922
0
339
0
0
563
0
441
0
0
0
0
544
0
922
8
544
922
1053
1869
464
0
0
424
0
0
1284
838
454
0
549
1520
237
544
833
0
0
0
557
0
0
0
588
0
0
0
117
2773
0
760
482
0
3774
0
0
0
654
0
1351
265
8
2209
2727
0
599
641
0
1351
1307
0
833
0
799
0
0
0
3366
212
1685
2773
339
0
8066
3030
3366
0
0
1255
2003
212
408
2003
4276
3366
0
0
0
0
0
502
0
0
0
544
0
0
0
0
0
6586
0
589
1167
589
0
0
0
0
1351
1638
133
0
989
0
454
0
1524
0
0
0
0
0
0
6076
0
0
0
563
0
0
133
0
0
0
0
702
0
0
0
0
1083
5583
1255
3888
1534
0
3154
0
989
0
0
0
0
0
531
1195
0
0
318
246
0
0
0
0
0
0
9637
0
0
0
0
563
0
477
0
0
0
6569
281
0
2773
6569
2596
0
0
5643
0
0
0
1035
600
5643
0
0
0
0
0
600
0
1167
0
0
6821
104
1267
0
766
5564
527
5564
0
1620
3154
3252
0
725
1920
0
0
0
0
1524
730
0
117
0
1745
3091
0
2173
725
600
0
0
7642
281
0
1775
4013
0
10250
279
0
2093
1035
4230
7430
1524
0
1485
0
766
0
0
3511
1185
0
1920
0
7430
2091
589
7430
2753
0
0
1629
7335
766
2799
1638
0
0
1640
0
0
0
1649
1745
8787
0
730
0
1649
273
0
0
104
634
0
104
0
0
3185
2533
847
1185
4611
0
0
8787
5692
4041
2006
66
0
0
0
0
527
9245
2443
0
0
1953
3089
766
730
2543
1953
4041
10604
3504
0
0
174
2091
1340
0
117
0
402
2884
0
0
0
1920
11321
117
0
2131
0
0
9622
2867
7525
937
0
2443
0
0
0
0
105
0
0
3914
2173
0
11062
402
5327
0
11830
549
1753
0
0
0
1184
0
3661
0
0
9653
1707
273
1869
589
667
0
590
0
737
890
728
0
0
0
500
0
938
690
0
0
139
0
408
0
0
452
1935
1001
0
0
1566
0
714
0
0
0
1048
1532
0
320
888
2167
541
0
164
1541
1541
0
190
0
639
0
589
0
0
0
1186
4206
0
0
0
458
11
0
0
708
0
1048
1935
3303
1935
0
0
0
728
728
0
0
2600
3303
427
0
0
1373
0
0
0
0
0
11
0
0
0
1728
0
0
624
1440
0
671
0
2589
756
0
0
943
0
0
4690
861
0
1959
0
0
548
589
164
0
0
4
412
0
0
2123
0
0
0
671
1071
1595
2751
1071
204
3569
0
0
1506
2154
0
0
155
4040
956
3314
67
0
0
599
756
0
775
1542
599
3773
0
0
11
0
0
589
67
2363
2599
2599
0
0
3955
3569
1866
0
1190
0
1040
123
3192
0
0
548
0
0
427
2123
0
756
3195
0
0
861
0
1081
0
861
0
0
1229
0
2123
2123
0
772
2123
0
1921
4921
0
4145
0
4288
3307
3569
0
2071
508
0
1190
1186
2027
0
234
1016
3301
164
0
4921
5533
3192
2483
234
0
0
508
123
0
0
4210
0
4371
0
4210
0
0
0
0
0
3955
0
589
3569
1121
1542
0
0
6334
0
5900
0
1725
2018
0
0
0
0
0
427
0
0
0
427
39
481
3270
3444
0
4921
0
68